Log file open, 11/05/19 09:09:04
LogWindows: Failed to load 'aqProf.dll' (GetLastError=126)
LogWindows: File 'aqProf.dll' does not exist
LogWindows: Failed to load 'VtuneApi.dll' (GetLastError=126)
LogWindows: File 'VtuneApi.dll' does not exist
LogWindows: Failed to load 'VtuneApi32e.dll' (GetLastError=126)
LogWindows: File 'VtuneApi32e.dll' does not exist
LogConsoleResponse: Display: Failed to find resolution value strings in scalability ini. Falling back to default.
LogInit: Display: Running engine for game: UI
LogPlatformFile: Not using cached read wrapper
LogTaskGraph: Started task graph with 5 named threads and 11 total threads with 3 sets of task threads.
LogStats: Stats thread started at 31.258920
LogD3D11RHI: Loaded GFSDK_Aftermath_Lib.x64.dll
LogICUInternationalization: ICU TimeZone Detection - Raw Offset: -5:00, Platform Override: ''
LogPluginManager: Mounting plugin Paper2D
LogPluginManager: Mounting plugin AISupport
LogPluginManager: Mounting plugin LightPropagationVolume
LogPluginManager: Mounting plugin ActorLayerUtilities
LogPluginManager: Mounting plugin AnimationSharing
LogPluginManager: Mounting plugin CLionSourceCodeAccess
LogPluginManager: Mounting plugin CodeLiteSourceCodeAccess
LogPluginManager: Mounting plugin GitSourceControl
LogPluginManager: Mounting plugin KDevelopSourceCodeAccess
LogPluginManager: Mounting plugin NullSourceCodeAccess
LogPluginManager: Mounting plugin PerforceSourceControl
LogPluginManager: Mounting plugin SubversionSourceControl
LogPluginManager: Mounting plugin UObjectPlugin
LogPluginManager: Mounting plugin VisualStudioCodeSourceCodeAccess
LogPluginManager: Mounting plugin VisualStudioSourceCodeAccess
LogPluginManager: Mounting plugin XCodeSourceCodeAccess
LogPluginManager: Mounting plugin AssetManagerEditor
LogPluginManager: Mounting plugin CryptoKeys
LogPluginManager: Mounting plugin CurveEditorTools
LogPluginManager: Mounting plugin DataValidation
LogPluginManager: Mounting plugin FacialAnimation
LogPluginManager: Mounting plugin GameplayTagsEditor
LogPluginManager: Mounting plugin MacGraphicsSwitching
LogPluginManager: Mounting plugin MaterialAnalyzer
LogPluginManager: Mounting plugin MobileLauncherProfileWizard
LogPluginManager: Mounting plugin PluginBrowser
LogPluginManager: Mounting plugin SpeedTreeImporter
LogPluginManager: Mounting plugin DatasmithContent
LogPluginManager: Mounting plugin VariantManagerContent
LogPluginManager: Mounting plugin AlembicImporter
LogPluginManager: Mounting plugin AutomationUtils
LogPluginManager: Mounting plugin BackChannel
LogPluginManager: Mounting plugin CharacterAI
LogPluginManager: Mounting plugin GeometryCache
LogPluginManager: Mounting plugin HTML5Networking
LogPluginManager: Mounting plugin PlatformCrypto
LogPluginManager: Mounting plugin ProxyLODPlugin
LogPluginManager: Mounting plugin SkeletalReduction
LogPluginManager: Mounting plugin MagicLeap
LogPluginManager: Mounting plugin MagicLeapMedia
LogPluginManager: Mounting plugin AndroidMedia
LogPluginManager: Mounting plugin AvfMedia
LogPluginManager: Mounting plugin ImgMedia
LogPluginManager: Mounting plugin MediaCompositing
LogPluginManager: Mounting plugin MediaPlayerEditor
LogPluginManager: Mounting plugin WebMMedia
LogPluginManager: Mounting plugin WmfMedia
LogPluginManager: Mounting plugin TcpMessaging
LogPluginManager: Mounting plugin UdpMessaging
LogPluginManager: Mounting plugin ActorSequence
LogPluginManager: Mounting plugin LevelSequenceEditor
LogPluginManager: Mounting plugin MatineeToLevelSequence
LogPluginManager: Mounting plugin NetcodeUnitTest
LogPluginManager: Mounting plugin NUTUnrealEngine4
LogPluginManager: Mounting plugin OnlineSubsystemGooglePlay
LogPluginManager: Mounting plugin OnlineSubsystemIOS
LogPluginManager: Mounting plugin OnlineSubsystem
LogPluginManager: Mounting plugin OnlineSubsystemNull
LogPluginManager: Mounting plugin OnlineSubsystemUtils
LogPluginManager: Mounting plugin LauncherChunkInstaller
LogPluginManager: Mounting plugin AndroidDeviceProfileSelector
LogPluginManager: Mounting plugin AndroidMoviePlayer
LogPluginManager: Mounting plugin AndroidPermission
LogPluginManager: Mounting plugin AppleImageUtils
LogPluginManager: Mounting plugin AppleMoviePlayer
LogPluginManager: Mounting plugin ArchVisCharacter
LogPluginManager: Mounting plugin AudioCapture
LogPluginManager: Mounting plugin CableComponent
LogPluginManager: Mounting plugin CustomMeshComponent
LogPluginManager: Mounting plugin EditableMesh
LogPluginManager: Mounting plugin ExampleDeviceProfileSelector
LogPluginManager: Mounting plugin GoogleCloudMessaging
LogPluginManager: Mounting plugin IOSDeviceProfileSelector
LogPluginManager: Mounting plugin LinuxDeviceProfileSelector
LogPluginManager: Mounting plugin LocationServicesBPLibrary
LogPluginManager: Mounting plugin MobilePatchingUtils
LogPluginManager: Mounting plugin OculusVR
LogPluginManager: Mounting plugin PhysXVehicles
LogPluginManager: Mounting plugin ProceduralMeshComponent
LogPluginManager: Mounting plugin RuntimePhysXCooking
LogPluginManager: Mounting plugin SignificanceManager
LogPluginManager: Mounting plugin SteamVR
LogPluginManager: Mounting plugin WebMMoviePlayer
LogPluginManager: Mounting plugin WindowsMoviePlayer
LogPluginManager: Mounting plugin ScreenshotTools
LogInit: Using libcurl 7.55.1-DEV
LogInit:  - built for x86_64-pc-win32
LogInit:  - supports SSL with OpenSSL/1.1.1
LogInit:  - supports HTTP deflate (compression) using libz 1.2.8
LogInit:  - other features:
LogInit:      CURL_VERSION_SSL
LogInit:      CURL_VERSION_LIBZ
LogInit:      CURL_VERSION_IPV6
LogInit:      CURL_VERSION_ASYNCHDNS
LogInit:      CURL_VERSION_LARGEFILE
LogInit:      CURL_VERSION_IDN
LogInit:  CurlRequestOptions (configurable via config and command line):
LogInit:  - bVerifyPeer = true  - Libcurl will verify peer certificate
LogInit:  - bUseHttpProxy = false  - Libcurl will NOT use HTTP proxy
LogInit:  - bDontReuseConnections = false  - Libcurl will reuse connections
LogInit:  - MaxHostConnections = 16  - Libcurl will limit the number of connections to a host
LogInit:  - LocalHostAddr = Default
LogInit:  - BufferSize = 65536
LogOnline: OSS: Creating online subsystem instance for: NULL
LogInit: WinSock: version 1.1 (2.2), MaxSocks=32767, MaxUdp=65467
LogInit: Build: ++UE4+Release-4.23-CL-9631420
LogInit: Engine Version: 4.23.1-9631420+++UE4+Release-4.23
LogInit: Compatible Engine Version: 4.23.0-8386587+++UE4+Release-4.23
LogInit: Net CL: 8386587
LogInit: OS: Windows 10 (Release 1809) (), CPU: Intel(R) Core(TM) i5-7200U CPU @ 2.50GHz, GPU: Intel(R) HD Graphics 620
LogInit: Compiled (64-bit): Oct 18 2019 02:07:44
LogInit: Compiled with Visual C++: 19.16.27030.01
LogInit: Build Configuration: Development
LogInit: Branch Name: ++UE4+Release-4.23
LogInit: Command Line: 
LogInit: Base Directory: C:/Program Files/Epic Games/UE_4.23/Engine/Binaries/Win64/
LogInit: Installed Engine Build: 1
LogDevObjectVersion: Number of dev versions registered: 23
LogDevObjectVersion:   Dev-Blueprints (B0D832E4-1F89-4F0D-ACCF-7EB736FD4AA2): 10
LogDevObjectVersion:   Dev-Build (E1C64328-A22C-4D53-A36C-8E866417BD8C): 0
LogDevObjectVersion:   Dev-Core (375EC13C-06E4-48FB-B500-84F0262A717E): 3
LogDevObjectVersion:   Dev-Editor (E4B068ED-F494-42E9-A231-DA0B2E46BB41): 34
LogDevObjectVersion:   Dev-Framework (CFFC743F-43B0-4480-9391-14DF171D2073): 35
LogDevObjectVersion:   Dev-Mobile (B02B49B5-BB20-44E9-A304-32B752E40360): 2
LogDevObjectVersion:   Dev-Networking (A4E4105C-59A1-49B5-A7C5-40C4547EDFEE): 0
LogDevObjectVersion:   Dev-Online (39C831C9-5AE6-47DC-9A44-9C173E1C8E7C): 0
LogDevObjectVersion:   Dev-Physics (78F01B33-EBEA-4F98-B9B4-84EACCB95AA2): 0
LogDevObjectVersion:   Dev-Platform (6631380F-2D4D-43E0-8009-CF276956A95A): 0
LogDevObjectVersion:   Dev-Rendering (12F88B9F-8875-4AFC-A67C-D90C383ABD29): 31
LogDevObjectVersion:   Dev-Sequencer (7B5AE74C-D270-4C10-A958-57980B212A5A): 11
LogDevObjectVersion:   Dev-VR (D7296918-1DD6-4BDD-9DE2-64A83CC13884): 2
LogDevObjectVersion:   Dev-LoadTimes (C2A15278-BFE7-4AFE-6C17-90FF531DF755): 1
LogDevObjectVersion:   Private-Geometry (6EACA3D4-40EC-4CC1-B786-8BED09428FC5): 3
LogDevObjectVersion:   Dev-AnimPhys (29E575DD-E0A3-4627-9D10-D276232CDCEA): 17
LogDevObjectVersion:   Dev-Anim (AF43A65D-7FD3-4947-9873-3E8ED9C1BB05): 2
LogDevObjectVersion:   Dev-ReflectionCapture (6B266CEC-1EC7-4B8F-A30B-E4D90942FC07): 1
LogDevObjectVersion:   Dev-Automation (0DF73D61-A23F-47EA-B727-89E90C41499A): 1
LogDevObjectVersion:   FortniteMain (601D1886-AC64-4F84-AA16-D3DE0DEAC7D6): 27
LogDevObjectVersion:   Dev-Enterprise (9DFFBCD6-494F-0158-E221-12823C92A888): 6
LogDevObjectVersion:   Dev-Niagara (F2AED0AC-9AFE-416F-8664-AA7FFA26D6FC): 1
LogDevObjectVersion:   Dev-Destruction (174F1F0B-B4C6-45A5-B13F-2EE8D0FB917D): 9
LogInit: Presizing for max 16777216 objects, including 0 objects not considered by GC, pre-allocating 0 bytes for permanent pool.
LogInit: Object subsystem initialized
LogConfig: Setting CVar [[con.DebugEarlyDefault:1]]
LogConfig: Setting CVar [[r.setres:1280x720]]
[2019.11.05-14.09.32:973][  0]LogConfig: Setting CVar [[r.VSync:0]]
[2019.11.05-14.09.32:974][  0]LogConfig: Setting CVar [[r.RHICmdBypass:0]]
[2019.11.05-14.09.33:019][  0]LogConfig: Applying CVar settings from Section [/Script/Engine.RendererSettings] File [C:/GameDev/Catch88/UI/Saved/Config/Windows/Engine.ini]
[2019.11.05-14.09.33:019][  0]LogConfig: Setting CVar [[r.GPUCrashDebugging:0]]
[2019.11.05-14.09.33:019][  0]LogConfig: Applying CVar settings from Section [/Script/Engine.RendererOverrideSettings] File [C:/GameDev/Catch88/UI/Saved/Config/Windows/Engine.ini]
[2019.11.05-14.09.33:019][  0]LogConfig: Applying CVar settings from Section [/Script/Engine.StreamingSettings] File [C:/GameDev/Catch88/UI/Saved/Config/Windows/Engine.ini]
[2019.11.05-14.09.33:019][  0]LogConfig: Setting CVar [[s.MinBulkDataSizeForAsyncLoading:131072]]
[2019.11.05-14.09.33:019][  0]LogConfig: Setting CVar [[s.AsyncLoadingThreadEnabled:0]]
[2019.11.05-14.09.33:019][  0]LogConfig: Setting CVar [[s.EventDrivenLoaderEnabled:1]]
[2019.11.05-14.09.33:019][  0]LogConfig: Setting CVar [[s.WarnIfTimeLimitExceeded:0]]
[2019.11.05-14.09.33:019][  0]LogConfig: Setting CVar [[s.TimeLimitExceededMultiplier:1.5]]
[2019.11.05-14.09.33:019][  0]LogConfig: Setting CVar [[s.TimeLimitExceededMinTime:0.005]]
[2019.11.05-14.09.33:019][  0]LogConfig: Setting CVar [[s.UseBackgroundLevelStreaming:1]]
[2019.11.05-14.09.33:019][  0]LogConfig: Setting CVar [[s.PriorityAsyncLoadingExtraTime:15.0]]
[2019.11.05-14.09.33:019][  0]LogConfig: Setting CVar [[s.LevelStreamingActorsUpdateTimeLimit:5.0]]
[2019.11.05-14.09.33:019][  0]LogConfig: Setting CVar [[s.PriorityLevelStreamingActorsUpdateExtraTime:5.0]]
[2019.11.05-14.09.33:019][  0]LogConfig: Setting CVar [[s.LevelStreamingComponentsRegistrationGranularity:10]]
[2019.11.05-14.09.33:019][  0]LogConfig: Setting CVar [[s.UnregisterComponentsTimeLimit:1.0]]
[2019.11.05-14.09.33:019][  0]LogConfig: Setting CVar [[s.LevelStreamingComponentsUnregistrationGranularity:5]]
[2019.11.05-14.09.33:019][  0]LogConfig: Applying CVar settings from Section [/Script/Engine.GarbageCollectionSettings] File [C:/GameDev/Catch88/UI/Saved/Config/Windows/Engine.ini]
[2019.11.05-14.09.33:019][  0]LogConfig: Setting CVar [[gc.MaxObjectsNotConsideredByGC:1]]
[2019.11.05-14.09.33:019][  0]LogConfig: Setting CVar [[gc.SizeOfPermanentObjectPool:0]]
[2019.11.05-14.09.33:019][  0]LogConfig: Setting CVar [[gc.FlushStreamingOnGC:0]]
[2019.11.05-14.09.33:019][  0]LogConfig: Setting CVar [[gc.NumRetriesBeforeForcingGC:10]]
[2019.11.05-14.09.33:019][  0]LogConfig: Setting CVar [[gc.AllowParallelGC:1]]
[2019.11.05-14.09.33:019][  0]LogConfig: Setting CVar [[gc.TimeBetweenPurgingPendingKillObjects:61.1]]
[2019.11.05-14.09.33:019][  0]LogConfig: Setting CVar [[gc.MaxObjectsInEditor:16777216]]
[2019.11.05-14.09.33:019][  0]LogConfig: Setting CVar [[gc.IncrementalBeginDestroyEnabled:1]]
[2019.11.05-14.09.33:019][  0]LogConfig: Setting CVar [[gc.CreateGCClusters:1]]
[2019.11.05-14.09.33:019][  0]LogConfig: Setting CVar [[gc.MinGCClusterSize:5]]
[2019.11.05-14.09.33:019][  0]LogConfig: Setting CVar [[gc.ActorClusteringEnabled:0]]
[2019.11.05-14.09.33:019][  0]LogConfig: Setting CVar [[gc.BlueprintClusteringEnabled:0]]
[2019.11.05-14.09.33:019][  0]LogConfig: Setting CVar [[gc.UseDisregardForGCOnDedicatedServers:0]]
[2019.11.05-14.09.33:019][  0]LogConfig: Applying CVar settings from Section [/Script/Engine.NetworkSettings] File [C:/GameDev/Catch88/UI/Saved/Config/Windows/Engine.ini]
[2019.11.05-14.09.33:019][  0]LogConfig: Applying CVar settings from Section [/Script/UnrealEd.CookerSettings] File [C:/GameDev/Catch88/UI/Saved/Config/Windows/Engine.ini]
[2019.11.05-14.09.33:418][  0]LogConfig: Applying CVar settings from Section [ViewDistanceQuality@3] File [C:/GameDev/Catch88/UI/Saved/Config/Windows/Scalability.ini]
[2019.11.05-14.09.33:418][  0]LogConfig: Setting CVar [[r.SkeletalMeshLODBias:0]]
[2019.11.05-14.09.33:418][  0]LogConfig: Setting CVar [[r.ViewDistanceScale:1.0]]
[2019.11.05-14.09.33:418][  0]LogConfig: Applying CVar settings from Section [AntiAliasingQuality@3] File [C:/GameDev/Catch88/UI/Saved/Config/Windows/Scalability.ini]
[2019.11.05-14.09.33:418][  0]LogConfig: Setting CVar [[r.PostProcessAAQuality:4]]
[2019.11.05-14.09.33:418][  0]LogConfig: Applying CVar settings from Section [ShadowQuality@3] File [C:/GameDev/Catch88/UI/Saved/Config/Windows/Scalability.ini]
[2019.11.05-14.09.33:418][  0]LogConfig: Setting CVar [[r.LightFunctionQuality:1]]
[2019.11.05-14.09.33:418][  0]LogConfig: Setting CVar [[r.ShadowQuality:5]]
[2019.11.05-14.09.33:418][  0]LogConfig: Setting CVar [[r.Shadow.CSM.MaxCascades:10]]
[2019.11.05-14.09.33:418][  0]LogConfig: Setting CVar [[r.Shadow.MaxResolution:2048]]
[2019.11.05-14.09.33:418][  0]LogConfig: Setting CVar [[r.Shadow.MaxCSMResolution:2048]]
[2019.11.05-14.09.33:418][  0]LogConfig: Setting CVar [[r.Shadow.RadiusThreshold:0.01]]
[2019.11.05-14.09.33:418][  0]LogConfig: Setting CVar [[r.Shadow.DistanceScale:1.0]]
[2019.11.05-14.09.33:418][  0]LogConfig: Setting CVar [[r.Shadow.CSM.TransitionScale:1.0]]
[2019.11.05-14.09.33:418][  0]LogConfig: Setting CVar [[r.Shadow.PreShadowResolutionFactor:1.0]]
[2019.11.05-14.09.33:418][  0]LogConfig: Setting CVar [[r.DistanceFieldShadowing:1]]
[2019.11.05-14.09.33:418][  0]LogConfig: Setting CVar [[r.DistanceFieldAO:1]]
[2019.11.05-14.09.33:418][  0]LogConfig: Setting CVar [[r.AOQuality:2]]
[2019.11.05-14.09.33:418][  0]LogConfig: Setting CVar [[r.VolumetricFog:1]]
[2019.11.05-14.09.33:418][  0]LogConfig: Setting CVar [[r.VolumetricFog.GridPixelSize:8]]
[2019.11.05-14.09.33:418][  0]LogConfig: Setting CVar [[r.VolumetricFog.GridSizeZ:128]]
[2019.11.05-14.09.33:418][  0]LogConfig: Setting CVar [[r.VolumetricFog.HistoryMissSupersampleCount:4]]
[2019.11.05-14.09.33:418][  0]LogConfig: Setting CVar [[r.LightMaxDrawDistanceScale:1]]
[2019.11.05-14.09.33:418][  0]LogConfig: Setting CVar [[r.CapsuleShadows:1]]
[2019.11.05-14.09.33:418][  0]LogConfig: Applying CVar settings from Section [PostProcessQuality@3] File [C:/GameDev/Catch88/UI/Saved/Config/Windows/Scalability.ini]
[2019.11.05-14.09.33:418][  0]LogConfig: Setting CVar [[r.MotionBlurQuality:4]]
[2019.11.05-14.09.33:418][  0]LogConfig: Setting CVar [[r.AmbientOcclusionMipLevelFactor:0.4]]
[2019.11.05-14.09.33:418][  0]LogConfig: Setting CVar [[r.AmbientOcclusionMaxQuality:100]]
[2019.11.05-14.09.33:418][  0]LogConfig: Setting CVar [[r.AmbientOcclusionLevels:-1]]
[2019.11.05-14.09.33:418][  0]LogConfig: Setting CVar [[r.AmbientOcclusionRadiusScale:1.0]]
[2019.11.05-14.09.33:418][  0]LogConfig: Setting CVar [[r.DepthOfFieldQuality:2]]
[2019.11.05-14.09.33:418][  0]LogConfig: Setting CVar [[r.RenderTargetPoolMin:400]]
[2019.11.05-14.09.33:418][  0]LogConfig: Setting CVar [[r.LensFlareQuality:2]]
[2019.11.05-14.09.33:418][  0]LogConfig: Setting CVar [[r.SceneColorFringeQuality:1]]
[2019.11.05-14.09.33:418][  0]LogConfig: Setting CVar [[r.EyeAdaptationQuality:2]]
[2019.11.05-14.09.33:418][  0]LogConfig: Setting CVar [[r.BloomQuality:5]]
[2019.11.05-14.09.33:418][  0]LogConfig: Setting CVar [[r.FastBlurThreshold:100]]
[2019.11.05-14.09.33:418][  0]LogConfig: Setting CVar [[r.Upscale.Quality:3]]
[2019.11.05-14.09.33:418][  0]LogConfig: Setting CVar [[r.Tonemapper.GrainQuantization:1]]
[2019.11.05-14.09.33:418][  0]LogConfig: Setting CVar [[r.LightShaftQuality:1]]
[2019.11.05-14.09.33:418][  0]LogConfig: Setting CVar [[r.Filter.SizeScale:1]]
[2019.11.05-14.09.33:418][  0]LogConfig: Setting CVar [[r.Tonemapper.Quality:5]]
[2019.11.05-14.09.33:418][  0]LogConfig: Setting CVar [[r.DOF.Gather.AccumulatorQuality:1        ; higher gathering accumulator quality]]
[2019.11.05-14.09.33:418][  0]LogConfig: Setting CVar [[r.DOF.Gather.PostfilterMethod:1          ; Median3x3 postfilering method]]
[2019.11.05-14.09.33:418][  0]LogConfig: Setting CVar [[r.DOF.Gather.EnableBokehSettings:0       ; no bokeh simulation when gathering]]
[2019.11.05-14.09.33:418][  0]LogConfig: Setting CVar [[r.DOF.Gather.RingCount:4                 ; medium number of samples when gathering]]
[2019.11.05-14.09.33:418][  0]LogConfig: Setting CVar [[r.DOF.Scatter.ForegroundCompositing:1    ; additive foreground scattering]]
[2019.11.05-14.09.33:418][  0]LogConfig: Setting CVar [[r.DOF.Scatter.BackgroundCompositing:2    ; additive background scattering]]
[2019.11.05-14.09.33:418][  0]LogConfig: Setting CVar [[r.DOF.Scatter.EnableBokehSettings:1      ; bokeh simulation when scattering]]
[2019.11.05-14.09.33:418][  0]LogConfig: Setting CVar [[r.DOF.Scatter.MaxSpriteRatio:0.1         ; only a maximum of 10% of scattered bokeh]]
[2019.11.05-14.09.33:418][  0]LogConfig: Setting CVar [[r.DOF.Recombine.Quality:1                ; cheap slight out of focus]]
[2019.11.05-14.09.33:418][  0]LogConfig: Setting CVar [[r.DOF.Recombine.EnableBokehSettings:0    ; no bokeh simulation on slight out of focus]]
[2019.11.05-14.09.33:418][  0]LogConfig: Setting CVar [[r.DOF.TemporalAAQuality:1                ; more stable temporal accumulation]]
[2019.11.05-14.09.33:418][  0]LogConfig: Setting CVar [[r.DOF.Kernel.MaxForegroundRadius:0.025]]
[2019.11.05-14.09.33:419][  0]LogConfig: Setting CVar [[r.DOF.Kernel.MaxBackgroundRadius:0.025]]
[2019.11.05-14.09.33:419][  0]LogConfig: Applying CVar settings from Section [TextureQuality@3] File [C:/GameDev/Catch88/UI/Saved/Config/Windows/Scalability.ini]
[2019.11.05-14.09.33:419][  0]LogConfig: Setting CVar [[r.Streaming.MipBias:0]]
[2019.11.05-14.09.33:419][  0]LogConfig: Setting CVar [[r.Streaming.AmortizeCPUToGPUCopy:0]]
[2019.11.05-14.09.33:419][  0]LogConfig: Setting CVar [[r.Streaming.MaxNumTexturesToStreamPerFrame:0]]
[2019.11.05-14.09.33:419][  0]LogConfig: Setting CVar [[r.Streaming.Boost:1]]
[2019.11.05-14.09.33:419][  0]LogConfig: Setting CVar [[r.MaxAnisotropy:8]]
[2019.11.05-14.09.33:419][  0]LogConfig: Setting CVar [[r.Streaming.LimitPoolSizeToVRAM:0]]
[2019.11.05-14.09.33:419][  0]LogConfig: Setting CVar [[r.Streaming.PoolSize:1000]]
[2019.11.05-14.09.33:419][  0]LogConfig: Setting CVar [[r.Streaming.MaxEffectiveScreenSize:0]]
[2019.11.05-14.09.33:419][  0]LogConfig: Applying CVar settings from Section [EffectsQuality@3] File [C:/GameDev/Catch88/UI/Saved/Config/Windows/Scalability.ini]
[2019.11.05-14.09.33:419][  0]LogConfig: Setting CVar [[r.TranslucencyLightingVolumeDim:64]]
[2019.11.05-14.09.33:419][  0]LogConfig: Setting CVar [[r.RefractionQuality:2]]
[2019.11.05-14.09.33:419][  0]LogConfig: Setting CVar [[r.SSR.Quality:3]]
[2019.11.05-14.09.33:419][  0]LogConfig: Setting CVar [[r.SceneColorFormat:4]]
[2019.11.05-14.09.33:419][  0]LogConfig: Setting CVar [[r.DetailMode:2]]
[2019.11.05-14.09.33:419][  0]LogConfig: Setting CVar [[r.TranslucencyVolumeBlur:1]]
[2019.11.05-14.09.33:419][  0]LogConfig: Setting CVar [[r.MaterialQualityLevel:1 ; High quality]]
[2019.11.05-14.09.33:419][  0]LogConfig: Setting CVar [[r.SSS.Scale:1]]
[2019.11.05-14.09.33:419][  0]LogConfig: Setting CVar [[r.SSS.SampleSet:2]]
[2019.11.05-14.09.33:419][  0]LogConfig: Setting CVar [[r.SSS.Quality:1]]
[2019.11.05-14.09.33:419][  0]LogConfig: Setting CVar [[r.SSS.HalfRes:1]]
[2019.11.05-14.09.33:419][  0]LogConfig: Setting CVar [[r.EmitterSpawnRateScale:1.0]]
[2019.11.05-14.09.33:419][  0]LogConfig: Setting CVar [[r.ParticleLightQuality:2]]
[2019.11.05-14.09.33:419][  0]LogConfig: Applying CVar settings from Section [FoliageQuality@3] File [C:/GameDev/Catch88/UI/Saved/Config/Windows/Scalability.ini]
[2019.11.05-14.09.33:419][  0]LogConfig: Setting CVar [[foliage.DensityScale:1.0]]
[2019.11.05-14.09.33:419][  0]LogConfig: Setting CVar [[grass.DensityScale:1.0]]
[2019.11.05-14.09.33:536][  0]LogInit: Selected Device Profile: [Windows]
[2019.11.05-14.09.33:555][  0]LogInit: Applying CVar settings loaded from the selected device profile: [Windows]
[2019.11.05-14.09.33:624][  0]LogHAL: Display: Platform has ~ 12 GB [12746625024 / 17179869184 / 12], which maps to Larger [LargestMinGB=32, LargerMinGB=12, DefaultMinGB=8, SmallerMinGB=6, SmallestMinGB=0)
[2019.11.05-14.09.33:624][  0]LogInit: Going up to parent DeviceProfile []
[2019.11.05-14.09.33:652][  0]LogConfig: Applying CVar settings from Section [ViewDistanceQuality@1] File [C:/GameDev/Catch88/UI/Saved/Config/Windows/Scalability.ini]
[2019.11.05-14.09.33:652][  0]LogConfig: Setting CVar [[r.SkeletalMeshLODBias:1]]
[2019.11.05-14.09.33:652][  0]LogConfig: Setting CVar [[r.ViewDistanceScale:0.6]]
[2019.11.05-14.09.33:652][  0]LogConfig: Applying CVar settings from Section [AntiAliasingQuality@1] File [C:/GameDev/Catch88/UI/Saved/Config/Windows/Scalability.ini]
[2019.11.05-14.09.33:652][  0]LogConfig: Setting CVar [[r.PostProcessAAQuality:2]]
[2019.11.05-14.09.33:652][  0]LogConfig: Applying CVar settings from Section [ShadowQuality@1] File [C:/GameDev/Catch88/UI/Saved/Config/Windows/Scalability.ini]
[2019.11.05-14.09.33:652][  0]LogConfig: Setting CVar [[r.LightFunctionQuality:1]]
[2019.11.05-14.09.33:652][  0]LogConfig: Setting CVar [[r.ShadowQuality:3]]
[2019.11.05-14.09.33:652][  0]LogConfig: Setting CVar [[r.Shadow.CSM.MaxCascades:1]]
[2019.11.05-14.09.33:652][  0]LogConfig: Setting CVar [[r.Shadow.MaxResolution:1024]]
[2019.11.05-14.09.33:652][  0]LogConfig: Setting CVar [[r.Shadow.MaxCSMResolution:1024]]
[2019.11.05-14.09.33:652][  0]LogConfig: Setting CVar [[r.Shadow.RadiusThreshold:0.05]]
[2019.11.05-14.09.33:652][  0]LogConfig: Setting CVar [[r.Shadow.DistanceScale:0.7]]
[2019.11.05-14.09.33:652][  0]LogConfig: Setting CVar [[r.Shadow.CSM.TransitionScale:0.25]]
[2019.11.05-14.09.33:652][  0]LogConfig: Setting CVar [[r.Shadow.PreShadowResolutionFactor:0.5]]
[2019.11.05-14.09.33:652][  0]LogConfig: Setting CVar [[r.DistanceFieldShadowing:0]]
[2019.11.05-14.09.33:653][  0]LogConfig: Setting CVar [[r.DistanceFieldAO:0]]
[2019.11.05-14.09.33:653][  0]LogConfig: Setting CVar [[r.VolumetricFog:0]]
[2019.11.05-14.09.33:653][  0]LogConfig: Setting CVar [[r.LightMaxDrawDistanceScale:.5]]
[2019.11.05-14.09.33:653][  0]LogConfig: Setting CVar [[r.CapsuleShadows:1]]
[2019.11.05-14.09.33:653][  0]LogConfig: Applying CVar settings from Section [PostProcessQuality@1] File [C:/GameDev/Catch88/UI/Saved/Config/Windows/Scalability.ini]
[2019.11.05-14.09.33:653][  0]LogConfig: Setting CVar [[r.MotionBlurQuality:3]]
[2019.11.05-14.09.33:653][  0]LogConfig: Setting CVar [[r.AmbientOcclusionMipLevelFactor:1.0]]
[2019.11.05-14.09.33:653][  0]LogConfig: Setting CVar [[r.AmbientOcclusionMaxQuality:60]]
[2019.11.05-14.09.33:653][  0]LogConfig: Setting CVar [[r.AmbientOcclusionLevels:-1]]
[2019.11.05-14.09.33:653][  0]LogConfig: Setting CVar [[r.AmbientOcclusionRadiusScale:1.5]]
[2019.11.05-14.09.33:653][  0]LogConfig: Setting CVar [[r.DepthOfFieldQuality:1]]
[2019.11.05-14.09.33:653][  0]LogConfig: Setting CVar [[r.RenderTargetPoolMin:350]]
[2019.11.05-14.09.33:653][  0]LogConfig: Setting CVar [[r.LensFlareQuality:0]]
[2019.11.05-14.09.33:653][  0]LogConfig: Setting CVar [[r.SceneColorFringeQuality:0]]
[2019.11.05-14.09.33:653][  0]LogConfig: Setting CVar [[r.EyeAdaptationQuality:0]]
[2019.11.05-14.09.33:653][  0]LogConfig: Setting CVar [[r.BloomQuality:4]]
[2019.11.05-14.09.33:653][  0]LogConfig: Setting CVar [[r.FastBlurThreshold:2]]
[2019.11.05-14.09.33:653][  0]LogConfig: Setting CVar [[r.Upscale.Quality:2]]
[2019.11.05-14.09.33:653][  0]LogConfig: Setting CVar [[r.Tonemapper.GrainQuantization:0]]
[2019.11.05-14.09.33:653][  0]LogConfig: Setting CVar [[r.LightShaftQuality:0]]
[2019.11.05-14.09.33:653][  0]LogConfig: Setting CVar [[r.Filter.SizeScale:0.7]]
[2019.11.05-14.09.33:653][  0]LogConfig: Setting CVar [[r.Tonemapper.Quality:2]]
[2019.11.05-14.09.33:653][  0]LogConfig: Setting CVar [[r.DOF.Gather.AccumulatorQuality:0        ; lower gathering accumulator quality]]
[2019.11.05-14.09.33:653][  0]LogConfig: Setting CVar [[r.DOF.Gather.PostfilterMethod:2          ; Max3x3 postfilering method]]
[2019.11.05-14.09.33:653][  0]LogConfig: Setting CVar [[r.DOF.Gather.EnableBokehSettings:0       ; no bokeh simulation when gathering]]
[2019.11.05-14.09.33:653][  0]LogConfig: Setting CVar [[r.DOF.Gather.RingCount:3                 ; low number of samples when gathering]]
[2019.11.05-14.09.33:653][  0]LogConfig: Setting CVar [[r.DOF.Scatter.ForegroundCompositing:0    ; no foreground scattering]]
[2019.11.05-14.09.33:653][  0]LogConfig: Setting CVar [[r.DOF.Scatter.BackgroundCompositing:0    ; no foreground scattering]]
[2019.11.05-14.09.33:653][  0]LogConfig: Setting CVar [[r.DOF.Recombine.Quality:0                ; no slight out of focus]]
[2019.11.05-14.09.33:653][  0]LogConfig: Setting CVar [[r.DOF.TemporalAAQuality:0                ; faster temporal accumulation]]
[2019.11.05-14.09.33:653][  0]LogConfig: Setting CVar [[r.DOF.Kernel.MaxForegroundRadius:0.006   ; required because low gathering and no scattering and not looking great at 1080p]]
[2019.11.05-14.09.33:653][  0]LogConfig: Setting CVar [[r.DOF.Kernel.MaxBackgroundRadius:0.006   ; required because low gathering and no scattering and not looking great at 1080p]]
[2019.11.05-14.09.33:653][  0]LogConfig: Applying CVar settings from Section [TextureQuality@1] File [C:/GameDev/Catch88/UI/Saved/Config/Windows/Scalability.ini]
[2019.11.05-14.09.33:653][  0]LogConfig: Setting CVar [[r.Streaming.MipBias:1]]
[2019.11.05-14.09.33:653][  0]LogConfig: Setting CVar [[r.Streaming.AmortizeCPUToGPUCopy:0]]
[2019.11.05-14.09.33:653][  0]LogConfig: Setting CVar [[r.Streaming.MaxNumTexturesToStreamPerFrame:0]]
[2019.11.05-14.09.33:653][  0]LogConfig: Setting CVar [[r.Streaming.Boost:1]]
[2019.11.05-14.09.33:653][  0]LogConfig: Setting CVar [[r.MaxAnisotropy:2]]
[2019.11.05-14.09.33:653][  0]LogConfig: Setting CVar [[r.Streaming.LimitPoolSizeToVRAM:1]]
[2019.11.05-14.09.33:653][  0]LogConfig: Setting CVar [[r.Streaming.PoolSize:600]]
[2019.11.05-14.09.33:653][  0]LogConfig: Setting CVar [[r.Streaming.MaxEffectiveScreenSize:0]]
[2019.11.05-14.09.33:653][  0]LogConfig: Applying CVar settings from Section [EffectsQuality@1] File [C:/GameDev/Catch88/UI/Saved/Config/Windows/Scalability.ini]
[2019.11.05-14.09.33:653][  0]LogConfig: Setting CVar [[r.TranslucencyLightingVolumeDim:32]]
[2019.11.05-14.09.33:653][  0]LogConfig: Setting CVar [[r.RefractionQuality:0]]
[2019.11.05-14.09.33:653][  0]LogConfig: Setting CVar [[r.SSR.Quality:0]]
[2019.11.05-14.09.33:653][  0]LogConfig: Setting CVar [[r.SceneColorFormat:3]]
[2019.11.05-14.09.33:653][  0]LogConfig: Setting CVar [[r.DetailMode:1]]
[2019.11.05-14.09.33:653][  0]LogConfig: Setting CVar [[r.TranslucencyVolumeBlur:0]]
[2019.11.05-14.09.33:654][  0]LogConfig: Setting CVar [[r.MaterialQualityLevel:2 ; Medium quality]]
[2019.11.05-14.09.33:654][  0]LogConfig: Setting CVar [[r.SSS.Scale:0.75]]
[2019.11.05-14.09.33:654][  0]LogConfig: Setting CVar [[r.SSS.SampleSet:0]]
[2019.11.05-14.09.33:654][  0]LogConfig: Setting CVar [[r.SSS.Quality:0]]
[2019.11.05-14.09.33:654][  0]LogConfig: Setting CVar [[r.SSS.HalfRes:1]]
[2019.11.05-14.09.33:654][  0]LogConfig: Setting CVar [[r.EmitterSpawnRateScale:0.25]]
[2019.11.05-14.09.33:654][  0]LogConfig: Setting CVar [[r.ParticleLightQuality:0]]
[2019.11.05-14.09.33:654][  0]LogConfig: Applying CVar settings from Section [FoliageQuality@1] File [C:/GameDev/Catch88/UI/Saved/Config/Windows/Scalability.ini]
[2019.11.05-14.09.33:654][  0]LogConfig: Setting CVar [[foliage.DensityScale:0.4]]
[2019.11.05-14.09.33:654][  0]LogConfig: Setting CVar [[grass.DensityScale:0.4]]
[2019.11.05-14.09.33:654][  0]LogConfig: Applying CVar settings from Section [Startup] File [../../../Engine/Config/ConsoleVariables.ini]
[2019.11.05-14.09.33:763][  0]LogConfig: Setting CVar [[net.UseAdaptiveNetUpdateFrequency:0]]
[2019.11.05-14.09.33:763][  0]LogConfig: Setting CVar [[p.chaos.AllowCreatePhysxBodies:1]]
[2019.11.05-14.09.33:763][  0]LogConfig: Applying CVar settings from Section [ConsoleVariables] File [C:/GameDev/Catch88/UI/Saved/Config/Windows/Engine.ini]
[2019.11.05-14.09.33:962][  0]LogInit: Computer: VEGETA-PC
[2019.11.05-14.09.33:963][  0]LogInit: User: Spencer
[2019.11.05-14.09.33:963][  0]LogInit: CPU Page size=4096, Cores=2
[2019.11.05-14.09.33:963][  0]LogInit: High frequency timer resolution =10.000000 MHz
[2019.11.05-14.09.34:027][  0]LogMemory: Memory total: Physical=11.9GB (12GB approx)
[2019.11.05-14.09.34:027][  0]LogMemory: Platform Memory Stats for Windows
[2019.11.05-14.09.34:027][  0]LogMemory: Process Physical Memory: 99.64 MB used, 99.64 MB peak
[2019.11.05-14.09.34:027][  0]LogMemory: Process Virtual Memory: 98.34 MB used, 98.34 MB peak
[2019.11.05-14.09.34:027][  0]LogMemory: Physical Memory: 8814.29 MB used,  3341.84 MB free, 12156.13 MB total
[2019.11.05-14.09.34:027][  0]LogMemory: Virtual Memory: 4669.39 MB used,  134213056.00 MB free, 134217728.00 MB total
[2019.11.05-14.09.34:184][  0]LogWindows: WindowsPlatformFeatures enabled
[2019.11.05-14.09.44:499][  0]LogInit: Using OS detected language (en-US).
[2019.11.05-14.09.44:499][  0]LogInit: Using OS detected locale (en-CA).
[2019.11.05-14.09.44:762][  0]LogTextLocalizationManager: No specific localization for 'en-US' exists, so the 'en' localization will be used.
[2019.11.05-14.09.50:045][  0]LogInit: Setting process to per monitor DPI aware
[2019.11.05-14.09.52:200][  0]LogSlate: New Slate User Created.  User Index 0, Is Virtual User: 0
[2019.11.05-14.09.52:200][  0]LogSlate: Slate User Registered.  User Index 0, Is Virtual User: 0
[2019.11.05-14.10.14:058][  0]LogHMD: Failed to initialize OpenVR with code 102
[2019.11.05-14.10.14:058][  0]LogD3D11RHI: D3D11 adapters:
[2019.11.05-14.10.27:157][  0]LogD3D11RHI:    0. 'NVIDIA GeForce 940MX' (Feature Level 11_0)
[2019.11.05-14.10.27:157][  0]LogD3D11RHI:       2010/0/6078 MB DedicatedVideo/DedicatedSystem/SharedSystem, Outputs:1, VendorId:0x10de
[2019.11.05-14.10.27:165][  0]LogD3D11RHI:    1. 'Intel(R) HD Graphics 620' (Feature Level 11_0)
[2019.11.05-14.10.27:165][  0]LogD3D11RHI:       128/0/6078 MB DedicatedVideo/DedicatedSystem/SharedSystem, Outputs:0, VendorId:0x8086
[2019.11.05-14.10.27:167][  0]LogD3D11RHI:    2. 'Microsoft Basic Render Driver' (Feature Level 11_0)
[2019.11.05-14.10.27:167][  0]LogD3D11RHI:       0/0/6078 MB DedicatedVideo/DedicatedSystem/SharedSystem, Outputs:0, VendorId:0x1414
[2019.11.05-14.10.27:167][  0]LogD3D11RHI: Chosen D3D11 Adapter: 0
[2019.11.05-14.10.27:504][  0]LogD3D11RHI: Creating new Direct3DDevice
[2019.11.05-14.10.27:505][  0]LogD3D11RHI:     GPU DeviceId: 0x179c (for the marketing name, search the web for "GPU Device Id")
[2019.11.05-14.10.27:505][  0]LogWindows: EnumDisplayDevices:
[2019.11.05-14.10.27:505][  0]LogWindows:    0. 'Intel(R) HD Graphics 620' (P:1 D:1)
[2019.11.05-14.10.27:505][  0]LogWindows:    1. 'Intel(R) HD Graphics 620' (P:0 D:0)
[2019.11.05-14.10.27:506][  0]LogWindows:    2. 'Intel(R) HD Graphics 620' (P:0 D:0)
[2019.11.05-14.10.27:506][  0]LogWindows: DebugString: PrimaryIsNotTheChoosenAdapter PrimaryIsNotTheChoosenAdapter PrimaryIsNotTheChoosenAdapter FoundDriverCount:0 
[2019.11.05-14.10.27:506][  0]LogD3D11RHI:     Adapter Name: NVIDIA GeForce 940MX
[2019.11.05-14.10.27:557][  0]LogD3D11RHI:   Driver Version: Unknown (internal:Unknown, unified:Unknown)
[2019.11.05-14.10.27:557][  0]LogD3D11RHI:      Driver Date: Unknown
[2019.11.05-14.10.27:558][  0]LogRHI: Texture pool is 1407 MB (70% of 2010 MB)
[2019.11.05-14.10.28:068][  0]LogD3D11RHI: Async texture creation enabled
[2019.11.05-14.10.28:978][  0]LogD3D11RHI: GPU Timing Frequency: 1000.000000 (Debug: 2 8)
[2019.11.05-14.10.37:429][  0]LogTemp: Display: Module 'AllDesktopTargetPlatform' loaded TargetPlatform 'AllDesktop'
[2019.11.05-14.10.37:480][  0]LogTemp: Display: Module 'MacClientTargetPlatform' loaded TargetPlatform 'MacClient'
[2019.11.05-14.10.37:521][  0]LogTemp: Display: Module 'MacNoEditorTargetPlatform' loaded TargetPlatform 'MacNoEditor'
[2019.11.05-14.10.37:558][  0]LogTemp: Display: Module 'MacServerTargetPlatform' loaded TargetPlatform 'MacServer'
[2019.11.05-14.10.38:014][  0]LogTemp: Display: Module 'MacTargetPlatform' loaded TargetPlatform 'Mac'
[2019.11.05-14.10.38:104][  0]LogTemp: Display: Module 'WindowsClientTargetPlatform' loaded TargetPlatform 'WindowsClient'
[2019.11.05-14.10.38:134][  0]LogTemp: Display: Module 'WindowsNoEditorTargetPlatform' loaded TargetPlatform 'WindowsNoEditor'
[2019.11.05-14.10.38:183][  0]LogTemp: Display: Module 'WindowsServerTargetPlatform' loaded TargetPlatform 'WindowsServer'
[2019.11.05-14.10.38:317][  0]LogTemp: Display: Module 'WindowsTargetPlatform' loaded TargetPlatform 'Windows'
[2019.11.05-14.10.38:506][  0]LogTemp: Display: Module 'AndroidTargetPlatform' loaded TargetPlatform 'Android'
[2019.11.05-14.10.38:506][  0]LogTemp: Display: Module 'AndroidTargetPlatform' loaded TargetPlatform 'Android_ASTC'
[2019.11.05-14.10.38:506][  0]LogTemp: Display: Module 'AndroidTargetPlatform' loaded TargetPlatform 'Android_ATC'
[2019.11.05-14.10.38:506][  0]LogTemp: Display: Module 'AndroidTargetPlatform' loaded TargetPlatform 'Android_DXT'
[2019.11.05-14.10.38:506][  0]LogTemp: Display: Module 'AndroidTargetPlatform' loaded TargetPlatform 'Android_ETC1'
[2019.11.05-14.10.38:506][  0]LogTemp: Display: Module 'AndroidTargetPlatform' loaded TargetPlatform 'Android_ETC1a'
[2019.11.05-14.10.38:506][  0]LogTemp: Display: Module 'AndroidTargetPlatform' loaded TargetPlatform 'Android_ETC2'
[2019.11.05-14.10.38:506][  0]LogTemp: Display: Module 'AndroidTargetPlatform' loaded TargetPlatform 'Android_PVRTC'
[2019.11.05-14.10.38:506][  0]LogTemp: Display: Module 'AndroidTargetPlatform' loaded TargetPlatform 'AndroidClient'
[2019.11.05-14.10.38:506][  0]LogTemp: Display: Module 'AndroidTargetPlatform' loaded TargetPlatform 'Android_ASTCClient'
[2019.11.05-14.10.38:506][  0]LogTemp: Display: Module 'AndroidTargetPlatform' loaded TargetPlatform 'Android_ATCClient'
[2019.11.05-14.10.38:506][  0]LogTemp: Display: Module 'AndroidTargetPlatform' loaded TargetPlatform 'Android_DXTClient'
[2019.11.05-14.10.38:506][  0]LogTemp: Display: Module 'AndroidTargetPlatform' loaded TargetPlatform 'Android_ETC1Client'
[2019.11.05-14.10.38:506][  0]LogTemp: Display: Module 'AndroidTargetPlatform' loaded TargetPlatform 'Android_ETC1aClient'
[2019.11.05-14.10.38:506][  0]LogTemp: Display: Module 'AndroidTargetPlatform' loaded TargetPlatform 'Android_ETC2Client'
[2019.11.05-14.10.38:506][  0]LogTemp: Display: Module 'AndroidTargetPlatform' loaded TargetPlatform 'Android_PVRTCClient'
[2019.11.05-14.10.38:506][  0]LogTemp: Display: Module 'AndroidTargetPlatform' loaded TargetPlatform 'Android_Multi'
[2019.11.05-14.10.38:506][  0]LogTemp: Display: Module 'AndroidTargetPlatform' loaded TargetPlatform 'Android_MultiClient'
[2019.11.05-14.10.38:882][  0]LogTemp: Display: Module 'HTML5TargetPlatform' loaded TargetPlatform 'HTML5'
[2019.11.05-14.10.39:366][  0]LogTemp: Display: Module 'IOSTargetPlatform' loaded TargetPlatform 'IOSClient'
[2019.11.05-14.10.39:366][  0]LogTemp: Display: Module 'IOSTargetPlatform' loaded TargetPlatform 'IOS'
[2019.11.05-14.10.39:417][  0]LogTemp: Display: Module 'TVOSTargetPlatform' loaded TargetPlatform 'TVOSClient'
[2019.11.05-14.10.39:417][  0]LogTemp: Display: Module 'TVOSTargetPlatform' loaded TargetPlatform 'TVOS'
[2019.11.05-14.10.39:571][  0]LogTemp: Display: Module 'LinuxClientTargetPlatform' loaded TargetPlatform 'LinuxClient'
[2019.11.05-14.10.39:605][  0]LogTemp: Display: Module 'LinuxNoEditorTargetPlatform' loaded TargetPlatform 'LinuxNoEditor'
[2019.11.05-14.10.39:654][  0]LogTemp: Display: Module 'LinuxServerTargetPlatform' loaded TargetPlatform 'LinuxServer'
[2019.11.05-14.10.39:746][  0]LogTemp: Display: Module 'LinuxTargetPlatform' loaded TargetPlatform 'Linux'
[2019.11.05-14.10.39:953][  0]LogTemp: Display: Module 'LuminTargetPlatform' loaded TargetPlatform 'Lumin'
[2019.11.05-14.10.39:953][  0]LogTemp: Display: Module 'LuminTargetPlatform' loaded TargetPlatform 'LuminClient'
[2019.11.05-14.10.39:953][  0]LogTargetPlatformManager: Display: Building Assets For Windows
[2019.11.05-14.10.41:816][  0]LogAudioDebug: Display: Lib vorbis DLL was dynamically loaded.
[2019.11.05-14.10.45:239][  0]LogShaderCompilers: Guid format shader working directory is 10 characters bigger than the processId version (../../../../../../GameDev/Catch88/UI/Intermediate/Shaders/WorkingDirectory/728724/).
[2019.11.05-14.10.45:239][  0]LogShaderCompilers: Cleaned the shader compiler working directory 'C:/Users/Spencer/AppData/Local/Temp/UnrealShaderWorkingDir/69C6141C480A66A87C1ED2BA959C2D87/'.
[2019.11.05-14.10.45:440][  0]LogXGEController: Cleaning working directory: C:/Users/Spencer/AppData/Local/Temp/UnrealXGEWorkingDir/
[2019.11.05-14.10.45:440][  0]LogXGEController: Cannot use XGE Controller as Incredibuild is not installed on this machine.
[2019.11.05-14.10.45:440][  0]LogShaderCompilers: Cannot use XGE Shader Compiler as Incredibuild is not installed on this machine.
[2019.11.05-14.10.45:440][  0]LogShaderCompilers: Display: Using Local Shader Compiler.
[2019.11.05-14.11.06:687][  0]LogDerivedDataCache: Display: Max Cache Size: 512 MB
[2019.11.05-14.11.08:509][  0]LogDerivedDataCache: Loaded boot cache 1.79s 66MB C:/Users/Spencer/AppData/Local/UnrealEngine/4.23/DerivedDataCache/Boot.ddc.
[2019.11.05-14.11.08:509][  0]LogDerivedDataCache: Display: Loaded Boot cache: C:/Users/Spencer/AppData/Local/UnrealEngine/4.23/DerivedDataCache/Boot.ddc
[2019.11.05-14.11.08:509][  0]LogDerivedDataCache: FDerivedDataBackendGraph:  Pak pak cache file ../../../../../../GameDev/Catch88/UI/DerivedDataCache/DDC.ddp not found, will not use a pak cache.
[2019.11.05-14.11.08:509][  0]LogDerivedDataCache: Unable to find inner node Pak for hierarchical cache Hierarchy.
[2019.11.05-14.11.08:509][  0]LogDerivedDataCache: FDerivedDataBackendGraph:  CompressedPak pak cache file ../../../../../../GameDev/Catch88/UI/DerivedDataCache/Compressed.ddp not found, will not use a pak cache.
[2019.11.05-14.11.08:509][  0]LogDerivedDataCache: Unable to find inner node CompressedPak for hierarchical cache Hierarchy.
[2019.11.05-14.11.08:831][  0]LogDerivedDataCache: Display: Pak cache opened for reading ../../../Engine/DerivedDataCache/Compressed.ddp.
[2019.11.05-14.11.08:831][  0]LogDerivedDataCache: FDerivedDataBackendGraph:  EnterprisePak pak cache file ../../../Enterprise/DerivedDataCache/Compressed.ddp not found, will not use a pak cache.
[2019.11.05-14.11.08:831][  0]LogDerivedDataCache: Unable to find inner node EnterprisePak for hierarchical cache Hierarchy.
[2019.11.05-14.11.08:870][  0]LogDerivedDataCache: Using Local data cache path C:/Users/Spencer/AppData/Local/UnrealEngine/Common/DerivedDataCache: Writable
[2019.11.05-14.11.08:870][  0]LogDerivedDataCache: Shared data cache path not found in *engine.ini, will not use an Shared cache.
[2019.11.05-14.11.08:870][  0]LogDerivedDataCache: Unable to find inner node Shared for hierarchical cache Hierarchy.
[2019.11.05-14.11.09:073][  0]LogMaterial: Verifying Global Shaders for PCD3D_SM5
[2019.11.05-14.11.09:985][  0]LogSlate: Using FreeType 2.6.0
[2019.11.05-14.11.10:495][  0]LogSlate: SlateFontServices - WITH_FREETYPE: 1, WITH_HARFBUZZ: 1
[2019.11.05-14.11.16:308][  0]LogAssetRegistry: FAssetRegistry took 0.0139 seconds to start up
[2019.11.05-14.11.32:238][  0]LogInit: Selected Device Profile: [Windows]
[2019.11.05-14.11.45:438][  0]LogMeshReduction: Using QuadricMeshReduction for automatic static mesh reduction
[2019.11.05-14.11.45:438][  0]LogMeshReduction: Using SimplygonMeshReduction for automatic skeletal mesh reduction
[2019.11.05-14.11.45:438][  0]LogMeshReduction: Using ProxyLODMeshReduction for automatic mesh merging
[2019.11.05-14.11.45:438][  0]LogMeshReduction: No distributed automatic mesh merging module available
[2019.11.05-14.11.45:474][  0]LogMeshMerging: No distributed automatic mesh merging module available
[2019.11.05-14.11.48:948][  0]LogNetVersion: UI 1.0.0, NetCL: 8386587, EngineNetVer: 11, GameNetVer: 0 (Checksum: 3723115682)
[2019.11.05-14.12.10:842][  0]LogPackageLocalizationCache: Processed 12 localized package path(s) for 1 prioritized culture(s) in 0.170296 seconds
[2019.11.05-14.12.10:851][  0]LogUObjectArray: 43444 objects as part of root set at end of initial load.
[2019.11.05-14.12.10:851][  0]LogUObjectAllocator: 7548648 out of 0 bytes used by permanent object pool.
[2019.11.05-14.12.10:851][  0]LogUObjectArray: CloseDisregardForGC: 0/0 objects in disregard for GC pool
[2019.11.05-14.14.23:555][  0]LogTcpMessaging: Initializing TcpMessaging bridge
[2019.11.05-14.14.24:183][  0]LogUdpMessaging: Initializing bridge on interface 0.0.0.0:0 to multicast group 230.0.0.1:6666.
[2019.11.05-14.14.31:530][  0]SourceControl: Source control is disabled
[2019.11.05-14.14.31:570][  0]SourceControl: Source control is disabled
[2019.11.05-14.14.33:153][  0]SourceControl: Source control is disabled
[2019.11.05-14.14.33:630][  0]SourceControl: Source control is disabled
[2019.11.05-14.14.42:171][  0]LogAndroidPermission: UAndroidPermissionCallbackProxy::GetInstance
[2019.11.05-14.14.47:318][  0]LogOcInput: OculusInput pre-init called
[2019.11.05-14.14.47:676][  0]LogWindows: Failed to load 'OVRPlugin.dll' (GetLastError=126)
[2019.11.05-14.14.47:677][  0]LogWindows: File 'OVRPlugin.dll' does not exist
[2019.11.05-14.14.57:680][  0]LogAutomationTest: Warning: Smoke tests took > 2s to run: 7.29s
[2019.11.05-14.14.58:394][  0]LogEngine: Initializing Engine...
[2019.11.05-14.14.58:902][  0]LogHMD: Failed to initialize OpenVR with code 102
[2019.11.05-14.14.59:517][  0]LogStats: UGameplayTagsManager::InitializeManager -  0.399 s
[2019.11.05-14.14.59:637][  0]LogMaterial: Display: Missing cached shader map for material LevelColorationLitMaterial, compiling. Is special engine material.
[2019.11.05-14.15.02:341][  0]LogShaderCompilers: Display: Worker (1/3): shaders left to compile 878
[2019.11.05-14.15.02:341][  0]LogShaderCompilers: Display: Worker (2/3): shaders left to compile 868
[2019.11.05-14.15.02:341][  0]LogShaderCompilers: Display: Worker (3/3): shaders left to compile 858
[2019.11.05-14.15.02:435][  0]LogMaterial: Display: Missing cached shader map for material LevelColorationUnlitMaterial, compiling. Is special engine material.
[2019.11.05-14.15.02:816][  0]LogMaterial: Display: Missing cached shader map for material MAT_LevelColorationLitLightmapUV, compiling. Is special engine material.
[2019.11.05-14.15.03:469][  0]LogMaterial: Display: Missing cached shader map for material ShadedLevelColorationLitMaterial, compiling. Is special engine material.
[2019.11.05-14.15.03:987][  0]LogMaterial: Display: Missing cached shader map for material ShadedLevelColorationUnlitMateri, compiling. Is special engine material.
[2019.11.05-14.15.04:109][  0]LogMaterial: Display: Missing cached shader map for material VertexColorMaterial, compiling. 
[2019.11.05-14.15.04:331][  0]LogMaterial: Display: Missing cached shader map for material VertexColorViewMode_ColorOnly, compiling. 
[2019.11.05-14.15.04:541][  0]LogMaterial: Display: Missing cached shader map for material VertexColorViewMode_AlphaAsColor, compiling. 
[2019.11.05-14.15.04:566][  0]LogMaterial: Display: Missing cached shader map for material VertexColorViewMode_RedOnly, compiling. 
[2019.11.05-14.15.04:777][  0]LogMaterial: Display: Missing cached shader map for material VertexColorViewMode_GreenOnly, compiling. 
[2019.11.05-14.15.04:838][  0]LogMaterial: Display: Missing cached shader map for material VertexColorViewMode_BlueOnly, compiling. 
[2019.11.05-14.15.04:863][  0]LogMaterial: Display: Missing cached shader map for material RemoveSurfaceMaterial, compiling. 
[2019.11.05-14.15.04:941][  0]LogMaterial: Display: Missing cached shader map for material DebugMeshMaterial, compiling. 
[2019.11.05-14.15.05:316][  0]LogMaterial: Display: Missing cached shader map for material EmissiveMeshMaterial, compiling. 
[2019.11.05-14.15.05:510][  0]LogMaterial: Display: Missing cached shader map for material M_InvalidLightmapSettings, compiling. 
[2019.11.05-14.15.05:577][  0]LogMaterial: Display: Missing cached shader map for material GizmoMaterial, compiling. 
[2019.11.05-14.15.05:915][  0]LogMaterial: Display: Missing cached shader map for material PhAT_JointLimitMaterial, compiling. 
[2019.11.05-14.15.06:048][  0]LogMaterial: Display: Missing cached shader map for material GeomMaterial, compiling. 
[2019.11.05-14.15.06:063][  0]LogMaterial: Display: Missing cached shader map for material EditorBrushMaterial, compiling. 
[2019.11.05-14.15.06:235][  0]LogMaterial: Display: Missing cached shader map for material BoneWeightMaterial, compiling. 
[2019.11.05-14.15.06:540][  0]LogMaterial: Display: Missing cached shader map for material ClothMaterial, compiling. 
[2019.11.05-14.15.06:711][  0]LogMaterial: Display: Missing cached shader map for material ClothMaterial_WF, compiling. 
[2019.11.05-14.15.06:793][  0]LogMaterial: Display: Missing cached shader map for material DebugEditorMaterial, compiling. 
[2019.11.05-14.15.06:986][  0]LogMaterial: Display: Missing cached shader map for material PreviewShadowIndicatorMaterial, compiling. 
[2019.11.05-14.15.09:327][  0]LogInit: Initializing FReadOnlyCVARCache
[2019.11.05-14.15.14:804][  0]LogAIModule: Creating AISystem for world Untitled
[2019.11.05-14.15.16:042][  0]LogInit: XAudio2 using 'Speakers (Realtek High Definition Audio)' : 2 channels at 48 kHz using 32 bits per sample (channel mask 0x3)
[2019.11.05-14.15.16:615][  0]LogInit: FAudioDevice initialized.
[2019.11.05-14.15.16:673][  0]LogNetVersion: Set ProjectVersion to 1.0.0.0. Version Checksum will be recalculated on next use.
[2019.11.05-14.15.16:717][  0]LogDerivedDataCache: Error: Could not save memory cache C:/Users/Spencer/AppData/Local/UnrealEngine/4.23/DerivedDataCache/Boot.ddc.
[2019.11.05-14.15.16:738][  0]LogInit: Texture streaming: Enabled
[2019.11.05-14.15.23:325][  0]LogEngineSessionManager: EngineSessionManager initialized
[2019.11.05-14.16.27:329][  0]LogShaderCompilers: Display: Worker (2/3): shaders left to compile 3670
[2019.11.05-14.16.27:329][  0]LogShaderCompilers: Display: Worker (1/3): shaders left to compile 3660
[2019.11.05-14.16.27:329][  0]LogWindows: Error: === Critical error: ===
[2019.11.05-14.16.27:329][  0]LogWindows: Error: 
[2019.11.05-14.16.27:329][  0]LogWindows: Error: Fatal error!
[2019.11.05-14.16.27:329][  0]LogWindows: Error: 
[2019.11.05-14.16.27:329][  0]LogWindows: Error: 
[2019.11.05-14.16.27:986][  0]LogExit: Executing StaticShutdownAfterError
[2019.11.05-14.16.31:125][  0]LogWindows: FPlatformMisc::RequestExit(1)
[2019.11.05-14.16.31:753][  0]Log file closed, 11/05/19 09:16:31
