Log file open, 11/18/19 21:44:34
LogWindows: Failed to load 'aqProf.dll' (GetLastError=126)
LogWindows: File 'aqProf.dll' does not exist
LogWindows: Failed to load 'VtuneApi.dll' (GetLastError=126)
LogWindows: File 'VtuneApi.dll' does not exist
LogWindows: Failed to load 'VtuneApi32e.dll' (GetLastError=126)
LogWindows: File 'VtuneApi32e.dll' does not exist
LogConsoleResponse: Display: Failed to find resolution value strings in scalability ini. Falling back to default.
LogInit: Display: Running engine for game: UI
LogPlatformFile: Not using cached read wrapper
LogTaskGraph: Started task graph with 5 named threads and 23 total threads with 3 sets of task threads.
LogStats: Stats thread started at 0.081283
LogD3D11RHI: Loaded GFSDK_Aftermath_Lib.x64.dll
LogICUInternationalization: ICU TimeZone Detection - Raw Offset: -5:00, Platform Override: ''
LogPluginManager: Mounting plugin Paper2D
LogPluginManager: Mounting plugin AISupport
LogPluginManager: Mounting plugin LightPropagationVolume
LogPluginManager: Mounting plugin ActorLayerUtilities
LogPluginManager: Mounting plugin AnimationSharing
LogPluginManager: Mounting plugin CLionSourceCodeAccess
LogPluginManager: Mounting plugin CodeLiteSourceCodeAccess
LogPluginManager: Mounting plugin GitSourceControl
LogPluginManager: Mounting plugin KDevelopSourceCodeAccess
LogPluginManager: Mounting plugin NullSourceCodeAccess
LogPluginManager: Mounting plugin PerforceSourceControl
LogPluginManager: Mounting plugin SubversionSourceControl
LogPluginManager: Mounting plugin UObjectPlugin
LogPluginManager: Mounting plugin VisualStudioCodeSourceCodeAccess
LogPluginManager: Mounting plugin VisualStudioSourceCodeAccess
LogPluginManager: Mounting plugin XCodeSourceCodeAccess
LogPluginManager: Mounting plugin AssetManagerEditor
LogPluginManager: Mounting plugin CryptoKeys
LogPluginManager: Mounting plugin CurveEditorTools
LogPluginManager: Mounting plugin DataValidation
LogPluginManager: Mounting plugin FacialAnimation
LogPluginManager: Mounting plugin GameplayTagsEditor
LogPluginManager: Mounting plugin MacGraphicsSwitching
LogPluginManager: Mounting plugin MaterialAnalyzer
LogPluginManager: Mounting plugin MobileLauncherProfileWizard
LogPluginManager: Mounting plugin PluginBrowser
LogPluginManager: Mounting plugin SpeedTreeImporter
LogPluginManager: Mounting plugin DatasmithContent
LogPluginManager: Mounting plugin VariantManagerContent
LogPluginManager: Mounting plugin AlembicImporter
LogPluginManager: Mounting plugin AutomationUtils
LogPluginManager: Mounting plugin BackChannel
LogPluginManager: Mounting plugin CharacterAI
LogPluginManager: Mounting plugin GeometryCache
LogPluginManager: Mounting plugin HTML5Networking
LogPluginManager: Mounting plugin PlatformCrypto
LogPluginManager: Mounting plugin ProxyLODPlugin
LogPluginManager: Mounting plugin SkeletalReduction
LogPluginManager: Mounting plugin MagicLeap
LogPluginManager: Mounting plugin MagicLeapMedia
LogPluginManager: Mounting plugin AndroidMedia
LogPluginManager: Mounting plugin AvfMedia
LogPluginManager: Mounting plugin ImgMedia
LogPluginManager: Mounting plugin MediaCompositing
LogPluginManager: Mounting plugin MediaPlayerEditor
LogPluginManager: Mounting plugin WebMMedia
LogPluginManager: Mounting plugin WmfMedia
LogPluginManager: Mounting plugin TcpMessaging
LogPluginManager: Mounting plugin UdpMessaging
LogPluginManager: Mounting plugin ActorSequence
LogPluginManager: Mounting plugin LevelSequenceEditor
LogPluginManager: Mounting plugin MatineeToLevelSequence
LogPluginManager: Mounting plugin NetcodeUnitTest
LogPluginManager: Mounting plugin NUTUnrealEngine4
LogPluginManager: Mounting plugin OnlineSubsystemGooglePlay
LogPluginManager: Mounting plugin OnlineSubsystemIOS
LogPluginManager: Mounting plugin OnlineSubsystem
LogPluginManager: Mounting plugin OnlineSubsystemNull
LogPluginManager: Mounting plugin OnlineSubsystemUtils
LogPluginManager: Mounting plugin LauncherChunkInstaller
LogPluginManager: Mounting plugin AndroidDeviceProfileSelector
LogPluginManager: Mounting plugin AndroidMoviePlayer
LogPluginManager: Mounting plugin AndroidPermission
LogPluginManager: Mounting plugin AppleImageUtils
LogPluginManager: Mounting plugin AppleMoviePlayer
LogPluginManager: Mounting plugin ArchVisCharacter
LogPluginManager: Mounting plugin AudioCapture
LogPluginManager: Mounting plugin CableComponent
LogPluginManager: Mounting plugin CustomMeshComponent
LogPluginManager: Mounting plugin EditableMesh
LogPluginManager: Mounting plugin ExampleDeviceProfileSelector
LogPluginManager: Mounting plugin GoogleCloudMessaging
LogPluginManager: Mounting plugin IOSDeviceProfileSelector
LogPluginManager: Mounting plugin LinuxDeviceProfileSelector
LogPluginManager: Mounting plugin LocationServicesBPLibrary
LogPluginManager: Mounting plugin MobilePatchingUtils
LogPluginManager: Mounting plugin OculusVR
LogPluginManager: Mounting plugin PhysXVehicles
LogPluginManager: Mounting plugin ProceduralMeshComponent
LogPluginManager: Mounting plugin RuntimePhysXCooking
LogPluginManager: Mounting plugin SignificanceManager
LogPluginManager: Mounting plugin SteamVR
LogPluginManager: Mounting plugin WebMMoviePlayer
LogPluginManager: Mounting plugin WindowsMoviePlayer
LogPluginManager: Mounting plugin ScreenshotTools
LogInit: Using libcurl 7.55.1-DEV
LogInit:  - built for x86_64-pc-win32
LogInit:  - supports SSL with OpenSSL/1.1.1
LogInit:  - supports HTTP deflate (compression) using libz 1.2.8
LogInit:  - other features:
LogInit:      CURL_VERSION_SSL
LogInit:      CURL_VERSION_LIBZ
LogInit:      CURL_VERSION_IPV6
LogInit:      CURL_VERSION_ASYNCHDNS
LogInit:      CURL_VERSION_LARGEFILE
LogInit:      CURL_VERSION_IDN
LogInit:  CurlRequestOptions (configurable via config and command line):
LogInit:  - bVerifyPeer = true  - Libcurl will verify peer certificate
LogInit:  - bUseHttpProxy = false  - Libcurl will NOT use HTTP proxy
LogInit:  - bDontReuseConnections = false  - Libcurl will reuse connections
LogInit:  - MaxHostConnections = 16  - Libcurl will limit the number of connections to a host
LogInit:  - LocalHostAddr = Default
LogInit:  - BufferSize = 65536
LogOnline: OSS: Creating online subsystem instance for: NULL
LogInit: WinSock: version 1.1 (2.2), MaxSocks=32767, MaxUdp=65467
LogInit: Build: ++UE4+Release-4.23-CL-9631420
LogInit: Engine Version: 4.23.1-9631420+++UE4+Release-4.23
LogInit: Compatible Engine Version: 4.23.0-8386587+++UE4+Release-4.23
LogInit: Net CL: 8386587
LogInit: OS: Windows 10 (Release 1903) (), CPU: Intel(R) Core(TM) i7-7700HQ CPU @ 2.80GHz, GPU: Intel(R) HD Graphics 630
LogInit: Compiled (64-bit): Oct 18 2019 02:07:44
LogInit: Compiled with Visual C++: 19.16.27030.01
LogInit: Build Configuration: Development
LogInit: Branch Name: ++UE4+Release-4.23
LogInit: Command Line: 
LogInit: Base Directory: D:/Epic Games/UE_4.23/Engine/Binaries/Win64/
LogInit: Installed Engine Build: 1
LogDevObjectVersion: Number of dev versions registered: 23
LogDevObjectVersion:   Dev-Blueprints (B0D832E4-1F89-4F0D-ACCF-7EB736FD4AA2): 10
LogDevObjectVersion:   Dev-Build (E1C64328-A22C-4D53-A36C-8E866417BD8C): 0
LogDevObjectVersion:   Dev-Core (375EC13C-06E4-48FB-B500-84F0262A717E): 3
LogDevObjectVersion:   Dev-Editor (E4B068ED-F494-42E9-A231-DA0B2E46BB41): 34
LogDevObjectVersion:   Dev-Framework (CFFC743F-43B0-4480-9391-14DF171D2073): 35
LogDevObjectVersion:   Dev-Mobile (B02B49B5-BB20-44E9-A304-32B752E40360): 2
LogDevObjectVersion:   Dev-Networking (A4E4105C-59A1-49B5-A7C5-40C4547EDFEE): 0
LogDevObjectVersion:   Dev-Online (39C831C9-5AE6-47DC-9A44-9C173E1C8E7C): 0
LogDevObjectVersion:   Dev-Physics (78F01B33-EBEA-4F98-B9B4-84EACCB95AA2): 0
LogDevObjectVersion:   Dev-Platform (6631380F-2D4D-43E0-8009-CF276956A95A): 0
LogDevObjectVersion:   Dev-Rendering (12F88B9F-8875-4AFC-A67C-D90C383ABD29): 31
LogDevObjectVersion:   Dev-Sequencer (7B5AE74C-D270-4C10-A958-57980B212A5A): 11
LogDevObjectVersion:   Dev-VR (D7296918-1DD6-4BDD-9DE2-64A83CC13884): 2
LogDevObjectVersion:   Dev-LoadTimes (C2A15278-BFE7-4AFE-6C17-90FF531DF755): 1
LogDevObjectVersion:   Private-Geometry (6EACA3D4-40EC-4CC1-B786-8BED09428FC5): 3
LogDevObjectVersion:   Dev-AnimPhys (29E575DD-E0A3-4627-9D10-D276232CDCEA): 17
LogDevObjectVersion:   Dev-Anim (AF43A65D-7FD3-4947-9873-3E8ED9C1BB05): 2
LogDevObjectVersion:   Dev-ReflectionCapture (6B266CEC-1EC7-4B8F-A30B-E4D90942FC07): 1
LogDevObjectVersion:   Dev-Automation (0DF73D61-A23F-47EA-B727-89E90C41499A): 1
LogDevObjectVersion:   FortniteMain (601D1886-AC64-4F84-AA16-D3DE0DEAC7D6): 27
LogDevObjectVersion:   Dev-Enterprise (9DFFBCD6-494F-0158-E221-12823C92A888): 6
LogDevObjectVersion:   Dev-Niagara (F2AED0AC-9AFE-416F-8664-AA7FFA26D6FC): 1
LogDevObjectVersion:   Dev-Destruction (174F1F0B-B4C6-45A5-B13F-2EE8D0FB917D): 9
LogInit: Presizing for max 16777216 objects, including 0 objects not considered by GC, pre-allocating 0 bytes for permanent pool.
LogInit: Object subsystem initialized
LogConfig: Setting CVar [[con.DebugEarlyDefault:1]]
LogConfig: Setting CVar [[r.setres:1280x720]]
[2019.11.19-02.44.34:682][  0]LogConfig: Setting CVar [[r.VSync:0]]
[2019.11.19-02.44.34:682][  0]LogConfig: Setting CVar [[r.RHICmdBypass:0]]
[2019.11.19-02.44.34:683][  0]LogConfig: Applying CVar settings from Section [/Script/Engine.RendererSettings] File [C:/Users/Angsa/Documents/GitHub/Catch88/UI/Saved/Config/Windows/Engine.ini]
[2019.11.19-02.44.34:683][  0]LogConfig: Setting CVar [[r.GPUCrashDebugging:0]]
[2019.11.19-02.44.34:683][  0]LogConfig: Applying CVar settings from Section [/Script/Engine.RendererOverrideSettings] File [C:/Users/Angsa/Documents/GitHub/Catch88/UI/Saved/Config/Windows/Engine.ini]
[2019.11.19-02.44.34:683][  0]LogConfig: Applying CVar settings from Section [/Script/Engine.StreamingSettings] File [C:/Users/Angsa/Documents/GitHub/Catch88/UI/Saved/Config/Windows/Engine.ini]
[2019.11.19-02.44.34:683][  0]LogConfig: Setting CVar [[s.MinBulkDataSizeForAsyncLoading:131072]]
[2019.11.19-02.44.34:683][  0]LogConfig: Setting CVar [[s.AsyncLoadingThreadEnabled:0]]
[2019.11.19-02.44.34:683][  0]LogConfig: Setting CVar [[s.EventDrivenLoaderEnabled:1]]
[2019.11.19-02.44.34:683][  0]LogConfig: Setting CVar [[s.WarnIfTimeLimitExceeded:0]]
[2019.11.19-02.44.34:683][  0]LogConfig: Setting CVar [[s.TimeLimitExceededMultiplier:1.5]]
[2019.11.19-02.44.34:683][  0]LogConfig: Setting CVar [[s.TimeLimitExceededMinTime:0.005]]
[2019.11.19-02.44.34:683][  0]LogConfig: Setting CVar [[s.UseBackgroundLevelStreaming:1]]
[2019.11.19-02.44.34:683][  0]LogConfig: Setting CVar [[s.PriorityAsyncLoadingExtraTime:15.0]]
[2019.11.19-02.44.34:683][  0]LogConfig: Setting CVar [[s.LevelStreamingActorsUpdateTimeLimit:5.0]]
[2019.11.19-02.44.34:683][  0]LogConfig: Setting CVar [[s.PriorityLevelStreamingActorsUpdateExtraTime:5.0]]
[2019.11.19-02.44.34:683][  0]LogConfig: Setting CVar [[s.LevelStreamingComponentsRegistrationGranularity:10]]
[2019.11.19-02.44.34:683][  0]LogConfig: Setting CVar [[s.UnregisterComponentsTimeLimit:1.0]]
[2019.11.19-02.44.34:683][  0]LogConfig: Setting CVar [[s.LevelStreamingComponentsUnregistrationGranularity:5]]
[2019.11.19-02.44.34:683][  0]LogConfig: Applying CVar settings from Section [/Script/Engine.GarbageCollectionSettings] File [C:/Users/Angsa/Documents/GitHub/Catch88/UI/Saved/Config/Windows/Engine.ini]
[2019.11.19-02.44.34:683][  0]LogConfig: Setting CVar [[gc.MaxObjectsNotConsideredByGC:1]]
[2019.11.19-02.44.34:683][  0]LogConfig: Setting CVar [[gc.SizeOfPermanentObjectPool:0]]
[2019.11.19-02.44.34:683][  0]LogConfig: Setting CVar [[gc.FlushStreamingOnGC:0]]
[2019.11.19-02.44.34:683][  0]LogConfig: Setting CVar [[gc.NumRetriesBeforeForcingGC:10]]
[2019.11.19-02.44.34:683][  0]LogConfig: Setting CVar [[gc.AllowParallelGC:1]]
[2019.11.19-02.44.34:683][  0]LogConfig: Setting CVar [[gc.TimeBetweenPurgingPendingKillObjects:61.1]]
[2019.11.19-02.44.34:683][  0]LogConfig: Setting CVar [[gc.MaxObjectsInEditor:16777216]]
[2019.11.19-02.44.34:683][  0]LogConfig: Setting CVar [[gc.IncrementalBeginDestroyEnabled:1]]
[2019.11.19-02.44.34:683][  0]LogConfig: Setting CVar [[gc.CreateGCClusters:1]]
[2019.11.19-02.44.34:683][  0]LogConfig: Setting CVar [[gc.MinGCClusterSize:5]]
[2019.11.19-02.44.34:683][  0]LogConfig: Setting CVar [[gc.ActorClusteringEnabled:0]]
[2019.11.19-02.44.34:683][  0]LogConfig: Setting CVar [[gc.BlueprintClusteringEnabled:0]]
[2019.11.19-02.44.34:683][  0]LogConfig: Setting CVar [[gc.UseDisregardForGCOnDedicatedServers:0]]
[2019.11.19-02.44.34:683][  0]LogConfig: Applying CVar settings from Section [/Script/Engine.NetworkSettings] File [C:/Users/Angsa/Documents/GitHub/Catch88/UI/Saved/Config/Windows/Engine.ini]
[2019.11.19-02.44.34:683][  0]LogConfig: Applying CVar settings from Section [/Script/UnrealEd.CookerSettings] File [C:/Users/Angsa/Documents/GitHub/Catch88/UI/Saved/Config/Windows/Engine.ini]
[2019.11.19-02.44.34:686][  0]LogConfig: Applying CVar settings from Section [ViewDistanceQuality@3] File [C:/Users/Angsa/Documents/GitHub/Catch88/UI/Saved/Config/Windows/Scalability.ini]
[2019.11.19-02.44.34:686][  0]LogConfig: Setting CVar [[r.SkeletalMeshLODBias:0]]
[2019.11.19-02.44.34:686][  0]LogConfig: Setting CVar [[r.ViewDistanceScale:1.0]]
[2019.11.19-02.44.34:686][  0]LogConfig: Applying CVar settings from Section [AntiAliasingQuality@3] File [C:/Users/Angsa/Documents/GitHub/Catch88/UI/Saved/Config/Windows/Scalability.ini]
[2019.11.19-02.44.34:686][  0]LogConfig: Setting CVar [[r.PostProcessAAQuality:4]]
[2019.11.19-02.44.34:686][  0]LogConfig: Applying CVar settings from Section [ShadowQuality@3] File [C:/Users/Angsa/Documents/GitHub/Catch88/UI/Saved/Config/Windows/Scalability.ini]
[2019.11.19-02.44.34:686][  0]LogConfig: Setting CVar [[r.LightFunctionQuality:1]]
[2019.11.19-02.44.34:686][  0]LogConfig: Setting CVar [[r.ShadowQuality:5]]
[2019.11.19-02.44.34:686][  0]LogConfig: Setting CVar [[r.Shadow.CSM.MaxCascades:10]]
[2019.11.19-02.44.34:686][  0]LogConfig: Setting CVar [[r.Shadow.MaxResolution:2048]]
[2019.11.19-02.44.34:687][  0]LogConfig: Setting CVar [[r.Shadow.MaxCSMResolution:2048]]
[2019.11.19-02.44.34:687][  0]LogConfig: Setting CVar [[r.Shadow.RadiusThreshold:0.01]]
[2019.11.19-02.44.34:687][  0]LogConfig: Setting CVar [[r.Shadow.DistanceScale:1.0]]
[2019.11.19-02.44.34:687][  0]LogConfig: Setting CVar [[r.Shadow.CSM.TransitionScale:1.0]]
[2019.11.19-02.44.34:687][  0]LogConfig: Setting CVar [[r.Shadow.PreShadowResolutionFactor:1.0]]
[2019.11.19-02.44.34:687][  0]LogConfig: Setting CVar [[r.DistanceFieldShadowing:1]]
[2019.11.19-02.44.34:687][  0]LogConfig: Setting CVar [[r.DistanceFieldAO:1]]
[2019.11.19-02.44.34:687][  0]LogConfig: Setting CVar [[r.AOQuality:2]]
[2019.11.19-02.44.34:687][  0]LogConfig: Setting CVar [[r.VolumetricFog:1]]
[2019.11.19-02.44.34:687][  0]LogConfig: Setting CVar [[r.VolumetricFog.GridPixelSize:8]]
[2019.11.19-02.44.34:687][  0]LogConfig: Setting CVar [[r.VolumetricFog.GridSizeZ:128]]
[2019.11.19-02.44.34:687][  0]LogConfig: Setting CVar [[r.VolumetricFog.HistoryMissSupersampleCount:4]]
[2019.11.19-02.44.34:687][  0]LogConfig: Setting CVar [[r.LightMaxDrawDistanceScale:1]]
[2019.11.19-02.44.34:687][  0]LogConfig: Setting CVar [[r.CapsuleShadows:1]]
[2019.11.19-02.44.34:687][  0]LogConfig: Applying CVar settings from Section [PostProcessQuality@3] File [C:/Users/Angsa/Documents/GitHub/Catch88/UI/Saved/Config/Windows/Scalability.ini]
[2019.11.19-02.44.34:687][  0]LogConfig: Setting CVar [[r.MotionBlurQuality:4]]
[2019.11.19-02.44.34:687][  0]LogConfig: Setting CVar [[r.AmbientOcclusionMipLevelFactor:0.4]]
[2019.11.19-02.44.34:687][  0]LogConfig: Setting CVar [[r.AmbientOcclusionMaxQuality:100]]
[2019.11.19-02.44.34:687][  0]LogConfig: Setting CVar [[r.AmbientOcclusionLevels:-1]]
[2019.11.19-02.44.34:687][  0]LogConfig: Setting CVar [[r.AmbientOcclusionRadiusScale:1.0]]
[2019.11.19-02.44.34:687][  0]LogConfig: Setting CVar [[r.DepthOfFieldQuality:2]]
[2019.11.19-02.44.34:687][  0]LogConfig: Setting CVar [[r.RenderTargetPoolMin:400]]
[2019.11.19-02.44.34:687][  0]LogConfig: Setting CVar [[r.LensFlareQuality:2]]
[2019.11.19-02.44.34:687][  0]LogConfig: Setting CVar [[r.SceneColorFringeQuality:1]]
[2019.11.19-02.44.34:687][  0]LogConfig: Setting CVar [[r.EyeAdaptationQuality:2]]
[2019.11.19-02.44.34:687][  0]LogConfig: Setting CVar [[r.BloomQuality:5]]
[2019.11.19-02.44.34:687][  0]LogConfig: Setting CVar [[r.FastBlurThreshold:100]]
[2019.11.19-02.44.34:688][  0]LogConfig: Setting CVar [[r.Upscale.Quality:3]]
[2019.11.19-02.44.34:688][  0]LogConfig: Setting CVar [[r.Tonemapper.GrainQuantization:1]]
[2019.11.19-02.44.34:688][  0]LogConfig: Setting CVar [[r.LightShaftQuality:1]]
[2019.11.19-02.44.34:688][  0]LogConfig: Setting CVar [[r.Filter.SizeScale:1]]
[2019.11.19-02.44.34:688][  0]LogConfig: Setting CVar [[r.Tonemapper.Quality:5]]
[2019.11.19-02.44.34:688][  0]LogConfig: Setting CVar [[r.DOF.Gather.AccumulatorQuality:1        ; higher gathering accumulator quality]]
[2019.11.19-02.44.34:688][  0]LogConfig: Setting CVar [[r.DOF.Gather.PostfilterMethod:1          ; Median3x3 postfilering method]]
[2019.11.19-02.44.34:688][  0]LogConfig: Setting CVar [[r.DOF.Gather.EnableBokehSettings:0       ; no bokeh simulation when gathering]]
[2019.11.19-02.44.34:688][  0]LogConfig: Setting CVar [[r.DOF.Gather.RingCount:4                 ; medium number of samples when gathering]]
[2019.11.19-02.44.34:688][  0]LogConfig: Setting CVar [[r.DOF.Scatter.ForegroundCompositing:1    ; additive foreground scattering]]
[2019.11.19-02.44.34:688][  0]LogConfig: Setting CVar [[r.DOF.Scatter.BackgroundCompositing:2    ; additive background scattering]]
[2019.11.19-02.44.34:688][  0]LogConfig: Setting CVar [[r.DOF.Scatter.EnableBokehSettings:1      ; bokeh simulation when scattering]]
[2019.11.19-02.44.34:688][  0]LogConfig: Setting CVar [[r.DOF.Scatter.MaxSpriteRatio:0.1         ; only a maximum of 10% of scattered bokeh]]
[2019.11.19-02.44.34:688][  0]LogConfig: Setting CVar [[r.DOF.Recombine.Quality:1                ; cheap slight out of focus]]
[2019.11.19-02.44.34:688][  0]LogConfig: Setting CVar [[r.DOF.Recombine.EnableBokehSettings:0    ; no bokeh simulation on slight out of focus]]
[2019.11.19-02.44.34:688][  0]LogConfig: Setting CVar [[r.DOF.TemporalAAQuality:1                ; more stable temporal accumulation]]
[2019.11.19-02.44.34:688][  0]LogConfig: Setting CVar [[r.DOF.Kernel.MaxForegroundRadius:0.025]]
[2019.11.19-02.44.34:688][  0]LogConfig: Setting CVar [[r.DOF.Kernel.MaxBackgroundRadius:0.025]]
[2019.11.19-02.44.34:688][  0]LogConfig: Applying CVar settings from Section [TextureQuality@3] File [C:/Users/Angsa/Documents/GitHub/Catch88/UI/Saved/Config/Windows/Scalability.ini]
[2019.11.19-02.44.34:688][  0]LogConfig: Setting CVar [[r.Streaming.MipBias:0]]
[2019.11.19-02.44.34:688][  0]LogConfig: Setting CVar [[r.Streaming.AmortizeCPUToGPUCopy:0]]
[2019.11.19-02.44.34:688][  0]LogConfig: Setting CVar [[r.Streaming.MaxNumTexturesToStreamPerFrame:0]]
[2019.11.19-02.44.34:688][  0]LogConfig: Setting CVar [[r.Streaming.Boost:1]]
[2019.11.19-02.44.34:688][  0]LogConfig: Setting CVar [[r.MaxAnisotropy:8]]
[2019.11.19-02.44.34:688][  0]LogConfig: Setting CVar [[r.Streaming.LimitPoolSizeToVRAM:0]]
[2019.11.19-02.44.34:688][  0]LogConfig: Setting CVar [[r.Streaming.PoolSize:1000]]
[2019.11.19-02.44.34:688][  0]LogConfig: Setting CVar [[r.Streaming.MaxEffectiveScreenSize:0]]
[2019.11.19-02.44.34:688][  0]LogConfig: Applying CVar settings from Section [EffectsQuality@3] File [C:/Users/Angsa/Documents/GitHub/Catch88/UI/Saved/Config/Windows/Scalability.ini]
[2019.11.19-02.44.34:688][  0]LogConfig: Setting CVar [[r.TranslucencyLightingVolumeDim:64]]
[2019.11.19-02.44.34:688][  0]LogConfig: Setting CVar [[r.RefractionQuality:2]]
[2019.11.19-02.44.34:688][  0]LogConfig: Setting CVar [[r.SSR.Quality:3]]
[2019.11.19-02.44.34:688][  0]LogConfig: Setting CVar [[r.SceneColorFormat:4]]
[2019.11.19-02.44.34:688][  0]LogConfig: Setting CVar [[r.DetailMode:2]]
[2019.11.19-02.44.34:688][  0]LogConfig: Setting CVar [[r.TranslucencyVolumeBlur:1]]
[2019.11.19-02.44.34:688][  0]LogConfig: Setting CVar [[r.MaterialQualityLevel:1 ; High quality]]
[2019.11.19-02.44.34:688][  0]LogConfig: Setting CVar [[r.SSS.Scale:1]]
[2019.11.19-02.44.34:688][  0]LogConfig: Setting CVar [[r.SSS.SampleSet:2]]
[2019.11.19-02.44.34:688][  0]LogConfig: Setting CVar [[r.SSS.Quality:1]]
[2019.11.19-02.44.34:688][  0]LogConfig: Setting CVar [[r.SSS.HalfRes:1]]
[2019.11.19-02.44.34:688][  0]LogConfig: Setting CVar [[r.EmitterSpawnRateScale:1.0]]
[2019.11.19-02.44.34:688][  0]LogConfig: Setting CVar [[r.ParticleLightQuality:2]]
[2019.11.19-02.44.34:688][  0]LogConfig: Applying CVar settings from Section [FoliageQuality@3] File [C:/Users/Angsa/Documents/GitHub/Catch88/UI/Saved/Config/Windows/Scalability.ini]
[2019.11.19-02.44.34:688][  0]LogConfig: Setting CVar [[foliage.DensityScale:1.0]]
[2019.11.19-02.44.34:688][  0]LogConfig: Setting CVar [[grass.DensityScale:1.0]]
[2019.11.19-02.44.34:688][  0]LogInit: Selected Device Profile: [Windows]
[2019.11.19-02.44.34:688][  0]LogInit: Applying CVar settings loaded from the selected device profile: [Windows]
[2019.11.19-02.44.34:691][  0]LogHAL: Display: Platform has ~ 12 GB [12761886720 / 17179869184 / 12], which maps to Larger [LargestMinGB=32, LargerMinGB=12, DefaultMinGB=8, SmallerMinGB=6, SmallestMinGB=0)
[2019.11.19-02.44.34:691][  0]LogInit: Going up to parent DeviceProfile []
[2019.11.19-02.44.34:691][  0]LogConfig: Applying CVar settings from Section [ViewDistanceQuality@2] File [C:/Users/Angsa/Documents/GitHub/Catch88/UI/Saved/Config/Windows/Scalability.ini]
[2019.11.19-02.44.34:691][  0]LogConfig: Setting CVar [[r.SkeletalMeshLODBias:0]]
[2019.11.19-02.44.34:691][  0]LogConfig: Setting CVar [[r.ViewDistanceScale:0.8]]
[2019.11.19-02.44.34:691][  0]LogConfig: Applying CVar settings from Section [AntiAliasingQuality@2] File [C:/Users/Angsa/Documents/GitHub/Catch88/UI/Saved/Config/Windows/Scalability.ini]
[2019.11.19-02.44.34:691][  0]LogConfig: Setting CVar [[r.PostProcessAAQuality:3]]
[2019.11.19-02.44.34:691][  0]LogConfig: Applying CVar settings from Section [ShadowQuality@2] File [C:/Users/Angsa/Documents/GitHub/Catch88/UI/Saved/Config/Windows/Scalability.ini]
[2019.11.19-02.44.34:691][  0]LogConfig: Setting CVar [[r.LightFunctionQuality:1]]
[2019.11.19-02.44.34:691][  0]LogConfig: Setting CVar [[r.ShadowQuality:5]]
[2019.11.19-02.44.34:691][  0]LogConfig: Setting CVar [[r.Shadow.CSM.MaxCascades:4]]
[2019.11.19-02.44.34:691][  0]LogConfig: Setting CVar [[r.Shadow.MaxResolution:1024]]
[2019.11.19-02.44.34:691][  0]LogConfig: Setting CVar [[r.Shadow.MaxCSMResolution:2048]]
[2019.11.19-02.44.34:691][  0]LogConfig: Setting CVar [[r.Shadow.RadiusThreshold:0.04]]
[2019.11.19-02.44.34:692][  0]LogConfig: Setting CVar [[r.Shadow.DistanceScale:0.85]]
[2019.11.19-02.44.34:692][  0]LogConfig: Setting CVar [[r.Shadow.CSM.TransitionScale:0.8]]
[2019.11.19-02.44.34:692][  0]LogConfig: Setting CVar [[r.Shadow.PreShadowResolutionFactor:0.5]]
[2019.11.19-02.44.34:692][  0]LogConfig: Setting CVar [[r.DistanceFieldShadowing:1]]
[2019.11.19-02.44.34:692][  0]LogConfig: Setting CVar [[r.DistanceFieldAO:1]]
[2019.11.19-02.44.34:692][  0]LogConfig: Setting CVar [[r.AOQuality:1]]
[2019.11.19-02.44.34:692][  0]LogConfig: Setting CVar [[r.VolumetricFog:1]]
[2019.11.19-02.44.34:692][  0]LogConfig: Setting CVar [[r.VolumetricFog.GridPixelSize:16]]
[2019.11.19-02.44.34:692][  0]LogConfig: Setting CVar [[r.VolumetricFog.GridSizeZ:64]]
[2019.11.19-02.44.34:692][  0]LogConfig: Setting CVar [[r.VolumetricFog.HistoryMissSupersampleCount:4]]
[2019.11.19-02.44.34:692][  0]LogConfig: Setting CVar [[r.LightMaxDrawDistanceScale:1]]
[2019.11.19-02.44.34:692][  0]LogConfig: Setting CVar [[r.CapsuleShadows:1]]
[2019.11.19-02.44.34:692][  0]LogConfig: Applying CVar settings from Section [PostProcessQuality@2] File [C:/Users/Angsa/Documents/GitHub/Catch88/UI/Saved/Config/Windows/Scalability.ini]
[2019.11.19-02.44.34:692][  0]LogConfig: Setting CVar [[r.MotionBlurQuality:3]]
[2019.11.19-02.44.34:692][  0]LogConfig: Setting CVar [[r.AmbientOcclusionMipLevelFactor:0.6]]
[2019.11.19-02.44.34:692][  0]LogConfig: Setting CVar [[r.AmbientOcclusionMaxQuality:100]]
[2019.11.19-02.44.34:692][  0]LogConfig: Setting CVar [[r.AmbientOcclusionLevels:-1]]
[2019.11.19-02.44.34:692][  0]LogConfig: Setting CVar [[r.AmbientOcclusionRadiusScale:1.5]]
[2019.11.19-02.44.34:692][  0]LogConfig: Setting CVar [[r.DepthOfFieldQuality:2]]
[2019.11.19-02.44.34:692][  0]LogConfig: Setting CVar [[r.RenderTargetPoolMin:400]]
[2019.11.19-02.44.34:692][  0]LogConfig: Setting CVar [[r.LensFlareQuality:2]]
[2019.11.19-02.44.34:692][  0]LogConfig: Setting CVar [[r.SceneColorFringeQuality:1]]
[2019.11.19-02.44.34:692][  0]LogConfig: Setting CVar [[r.EyeAdaptationQuality:2]]
[2019.11.19-02.44.34:692][  0]LogConfig: Setting CVar [[r.BloomQuality:5]]
[2019.11.19-02.44.34:692][  0]LogConfig: Setting CVar [[r.FastBlurThreshold:3]]
[2019.11.19-02.44.34:692][  0]LogConfig: Setting CVar [[r.Upscale.Quality:2]]
[2019.11.19-02.44.34:692][  0]LogConfig: Setting CVar [[r.Tonemapper.GrainQuantization:1]]
[2019.11.19-02.44.34:692][  0]LogConfig: Setting CVar [[r.LightShaftQuality:1]]
[2019.11.19-02.44.34:692][  0]LogConfig: Setting CVar [[r.Filter.SizeScale:0.8]]
[2019.11.19-02.44.34:692][  0]LogConfig: Setting CVar [[r.Tonemapper.Quality:5]]
[2019.11.19-02.44.34:692][  0]LogConfig: Setting CVar [[r.DOF.Gather.AccumulatorQuality:0        ; lower gathering accumulator quality]]
[2019.11.19-02.44.34:692][  0]LogConfig: Setting CVar [[r.DOF.Gather.PostfilterMethod:2          ; Max3x3 postfilering method]]
[2019.11.19-02.44.34:692][  0]LogConfig: Setting CVar [[r.DOF.Gather.EnableBokehSettings:0       ; no bokeh simulation when gathering]]
[2019.11.19-02.44.34:692][  0]LogConfig: Setting CVar [[r.DOF.Gather.RingCount:4                 ; medium number of samples when gathering]]
[2019.11.19-02.44.34:692][  0]LogConfig: Setting CVar [[r.DOF.Scatter.ForegroundCompositing:1    ; additive foreground scattering]]
[2019.11.19-02.44.34:692][  0]LogConfig: Setting CVar [[r.DOF.Scatter.BackgroundCompositing:1    ; no background occlusion]]
[2019.11.19-02.44.34:692][  0]LogConfig: Setting CVar [[r.DOF.Scatter.EnableBokehSettings:0      ; no bokeh simulation when scattering]]
[2019.11.19-02.44.34:692][  0]LogConfig: Setting CVar [[r.DOF.Scatter.MaxSpriteRatio:0.04        ; only a maximum of 4% of scattered bokeh]]
[2019.11.19-02.44.34:692][  0]LogConfig: Setting CVar [[r.DOF.Recombine.Quality:0                ; no slight out of focus]]
[2019.11.19-02.44.34:692][  0]LogConfig: Setting CVar [[r.DOF.TemporalAAQuality:0                ; faster temporal accumulation]]
[2019.11.19-02.44.34:692][  0]LogConfig: Setting CVar [[r.DOF.Kernel.MaxForegroundRadius:0.012   ; required because of AccumulatorQuality=0]]
[2019.11.19-02.44.34:692][  0]LogConfig: Setting CVar [[r.DOF.Kernel.MaxBackgroundRadius:0.012   ; required because of AccumulatorQuality=0]]
[2019.11.19-02.44.34:692][  0]LogConfig: Applying CVar settings from Section [TextureQuality@2] File [C:/Users/Angsa/Documents/GitHub/Catch88/UI/Saved/Config/Windows/Scalability.ini]
[2019.11.19-02.44.34:692][  0]LogConfig: Setting CVar [[r.Streaming.MipBias:0]]
[2019.11.19-02.44.34:692][  0]LogConfig: Setting CVar [[r.Streaming.AmortizeCPUToGPUCopy:0]]
[2019.11.19-02.44.34:692][  0]LogConfig: Setting CVar [[r.Streaming.MaxNumTexturesToStreamPerFrame:0]]
[2019.11.19-02.44.34:692][  0]LogConfig: Setting CVar [[r.Streaming.Boost:1]]
[2019.11.19-02.44.34:692][  0]LogConfig: Setting CVar [[r.MaxAnisotropy:4]]
[2019.11.19-02.44.34:692][  0]LogConfig: Setting CVar [[r.Streaming.LimitPoolSizeToVRAM:1]]
[2019.11.19-02.44.34:692][  0]LogConfig: Setting CVar [[r.Streaming.PoolSize:800]]
[2019.11.19-02.44.34:692][  0]LogConfig: Setting CVar [[r.Streaming.MaxEffectiveScreenSize:0]]
[2019.11.19-02.44.34:693][  0]LogConfig: Applying CVar settings from Section [EffectsQuality@2] File [C:/Users/Angsa/Documents/GitHub/Catch88/UI/Saved/Config/Windows/Scalability.ini]
[2019.11.19-02.44.34:693][  0]LogConfig: Setting CVar [[r.TranslucencyLightingVolumeDim:48]]
[2019.11.19-02.44.34:693][  0]LogConfig: Setting CVar [[r.RefractionQuality:2]]
[2019.11.19-02.44.34:693][  0]LogConfig: Setting CVar [[r.SSR.Quality:2]]
[2019.11.19-02.44.34:693][  0]LogConfig: Setting CVar [[r.SceneColorFormat:3]]
[2019.11.19-02.44.34:693][  0]LogConfig: Setting CVar [[r.DetailMode:1]]
[2019.11.19-02.44.34:693][  0]LogConfig: Setting CVar [[r.TranslucencyVolumeBlur:1]]
[2019.11.19-02.44.34:693][  0]LogConfig: Setting CVar [[r.MaterialQualityLevel:1 ; High quality]]
[2019.11.19-02.44.34:693][  0]LogConfig: Setting CVar [[r.SSS.Scale:1]]
[2019.11.19-02.44.34:693][  0]LogConfig: Setting CVar [[r.SSS.SampleSet:1]]
[2019.11.19-02.44.34:693][  0]LogConfig: Setting CVar [[r.SSS.Quality:-1]]
[2019.11.19-02.44.34:693][  0]LogConfig: Setting CVar [[r.SSS.HalfRes:1]]
[2019.11.19-02.44.34:693][  0]LogConfig: Setting CVar [[r.EmitterSpawnRateScale:0.5]]
[2019.11.19-02.44.34:693][  0]LogConfig: Setting CVar [[r.ParticleLightQuality:1]]
[2019.11.19-02.44.34:693][  0]LogConfig: Applying CVar settings from Section [FoliageQuality@2] File [C:/Users/Angsa/Documents/GitHub/Catch88/UI/Saved/Config/Windows/Scalability.ini]
[2019.11.19-02.44.34:693][  0]LogConfig: Setting CVar [[foliage.DensityScale:0.8]]
[2019.11.19-02.44.34:693][  0]LogConfig: Setting CVar [[grass.DensityScale:0.8]]
[2019.11.19-02.44.34:693][  0]LogConfig: Applying CVar settings from Section [Startup] File [../../../Engine/Config/ConsoleVariables.ini]
[2019.11.19-02.44.34:693][  0]LogConfig: Setting CVar [[net.UseAdaptiveNetUpdateFrequency:0]]
[2019.11.19-02.44.34:693][  0]LogConfig: Setting CVar [[p.chaos.AllowCreatePhysxBodies:1]]
[2019.11.19-02.44.34:693][  0]LogConfig: Applying CVar settings from Section [ConsoleVariables] File [C:/Users/Angsa/Documents/GitHub/Catch88/UI/Saved/Config/Windows/Engine.ini]
[2019.11.19-02.44.34:693][  0]LogInit: Computer: LAPTOP-EDCTN22M
[2019.11.19-02.44.34:693][  0]LogInit: User: Angsa
[2019.11.19-02.44.34:693][  0]LogInit: CPU Page size=4096, Cores=4
[2019.11.19-02.44.34:693][  0]LogInit: High frequency timer resolution =10.000000 MHz
[2019.11.19-02.44.34:693][  0]LogMemory: Memory total: Physical=11.9GB (12GB approx)
[2019.11.19-02.44.34:693][  0]LogMemory: Platform Memory Stats for Windows
[2019.11.19-02.44.34:693][  0]LogMemory: Process Physical Memory: 100.70 MB used, 100.71 MB peak
[2019.11.19-02.44.34:693][  0]LogMemory: Process Virtual Memory: 100.72 MB used, 100.72 MB peak
[2019.11.19-02.44.34:693][  0]LogMemory: Physical Memory: 7480.16 MB used,  4690.52 MB free, 12170.68 MB total
[2019.11.19-02.44.34:693][  0]LogMemory: Virtual Memory: 4668.43 MB used,  134213056.00 MB free, 134217728.00 MB total
[2019.11.19-02.44.34:696][  0]LogWindows: WindowsPlatformFeatures enabled
[2019.11.19-02.44.34:727][  0]LogInit: Using OS detected language (en-US).
[2019.11.19-02.44.34:727][  0]LogInit: Using OS detected locale (en-CA).
[2019.11.19-02.44.34:728][  0]LogTextLocalizationManager: No specific localization for 'en-US' exists, so the 'en' localization will be used.
[2019.11.19-02.44.34:890][  0]LogInit: Setting process to per monitor DPI aware
[2019.11.19-02.44.34:926][  0]LogSlate: New Slate User Created.  User Index 0, Is Virtual User: 0
[2019.11.19-02.44.34:926][  0]LogSlate: Slate User Registered.  User Index 0, Is Virtual User: 0
[2019.11.19-02.44.35:241][  0]LogHMD: Failed to initialize OpenVR with code 110
[2019.11.19-02.44.35:241][  0]LogD3D11RHI: D3D11 adapters:
[2019.11.19-02.44.35:306][  0]LogD3D11RHI:    0. 'NVIDIA GeForce GTX 1050' (Feature Level 11_0)
[2019.11.19-02.44.35:306][  0]LogD3D11RHI:       4019/0/6085 MB DedicatedVideo/DedicatedSystem/SharedSystem, Outputs:1, VendorId:0x10de
[2019.11.19-02.44.35:322][  0]LogD3D11RHI:    1. 'Intel(R) HD Graphics 630' (Feature Level 11_0)
[2019.11.19-02.44.35:323][  0]LogD3D11RHI:       128/0/6085 MB DedicatedVideo/DedicatedSystem/SharedSystem, Outputs:0, VendorId:0x8086
[2019.11.19-02.44.35:325][  0]LogD3D11RHI:    2. 'Microsoft Basic Render Driver' (Feature Level 11_0)
[2019.11.19-02.44.35:325][  0]LogD3D11RHI:       0/0/6085 MB DedicatedVideo/DedicatedSystem/SharedSystem, Outputs:0, VendorId:0x1414
[2019.11.19-02.44.35:325][  0]LogD3D11RHI: Chosen D3D11 Adapter: 0
[2019.11.19-02.44.35:367][  0]LogD3D11RHI: Creating new Direct3DDevice
[2019.11.19-02.44.35:367][  0]LogD3D11RHI:     GPU DeviceId: 0x1c8d (for the marketing name, search the web for "GPU Device Id")
[2019.11.19-02.44.35:367][  0]LogWindows: EnumDisplayDevices:
[2019.11.19-02.44.35:367][  0]LogWindows:    0. 'Intel(R) HD Graphics 630' (P:1 D:1)
[2019.11.19-02.44.35:368][  0]LogWindows:    1. 'Intel(R) HD Graphics 630' (P:0 D:0)
[2019.11.19-02.44.35:368][  0]LogWindows:    2. 'Intel(R) HD Graphics 630' (P:0 D:0)
[2019.11.19-02.44.35:368][  0]LogWindows:    3. 'NVIDIA GeForce GTX 1050' (P:0 D:0)
[2019.11.19-02.44.35:369][  0]LogWindows:    4. 'NVIDIA GeForce GTX 1050' (P:0 D:0)
[2019.11.19-02.44.35:369][  0]LogWindows:    5. 'NVIDIA GeForce GTX 1050' (P:0 D:0)
[2019.11.19-02.44.35:369][  0]LogWindows:    6. 'NVIDIA GeForce GTX 1050' (P:0 D:0)
[2019.11.19-02.44.35:370][  0]LogWindows: DebugString: PrimaryIsNotTheChoosenAdapter PrimaryIsNotTheChoosenAdapter PrimaryIsNotTheChoosenAdapter FoundDriverCount:4 
[2019.11.19-02.44.35:370][  0]LogD3D11RHI:     Adapter Name: NVIDIA GeForce GTX 1050
[2019.11.19-02.44.35:370][  0]LogD3D11RHI:   Driver Version: 398.36 (internal:24.21.13.9836, unified:398.36)
[2019.11.19-02.44.35:370][  0]LogD3D11RHI:      Driver Date: 6-24-2018
[2019.11.19-02.44.35:370][  0]LogRHI: Texture pool is 2813 MB (70% of 4019 MB)
[2019.11.19-02.44.35:416][  0]LogD3D11RHI: Async texture creation enabled
[2019.11.19-02.44.35:440][  0]LogD3D11RHI: GPU Timing Frequency: 1000.000000 (Debug: 2 2)
[2019.11.19-02.44.35:923][  0]LogTemp: Display: Module 'AllDesktopTargetPlatform' loaded TargetPlatform 'AllDesktop'
[2019.11.19-02.44.35:931][  0]LogTemp: Display: Module 'MacClientTargetPlatform' loaded TargetPlatform 'MacClient'
[2019.11.19-02.44.35:939][  0]LogTemp: Display: Module 'MacNoEditorTargetPlatform' loaded TargetPlatform 'MacNoEditor'
[2019.11.19-02.44.35:948][  0]LogTemp: Display: Module 'MacServerTargetPlatform' loaded TargetPlatform 'MacServer'
[2019.11.19-02.44.35:958][  0]LogTemp: Display: Module 'MacTargetPlatform' loaded TargetPlatform 'Mac'
[2019.11.19-02.44.35:967][  0]LogTemp: Display: Module 'WindowsClientTargetPlatform' loaded TargetPlatform 'WindowsClient'
[2019.11.19-02.44.35:977][  0]LogTemp: Display: Module 'WindowsNoEditorTargetPlatform' loaded TargetPlatform 'WindowsNoEditor'
[2019.11.19-02.44.35:984][  0]LogTemp: Display: Module 'WindowsServerTargetPlatform' loaded TargetPlatform 'WindowsServer'
[2019.11.19-02.44.35:989][  0]LogTemp: Display: Module 'WindowsTargetPlatform' loaded TargetPlatform 'Windows'
[2019.11.19-02.44.36:026][  0]LogTemp: Display: Module 'AndroidTargetPlatform' loaded TargetPlatform 'Android'
[2019.11.19-02.44.36:026][  0]LogTemp: Display: Module 'AndroidTargetPlatform' loaded TargetPlatform 'Android_ASTC'
[2019.11.19-02.44.36:026][  0]LogTemp: Display: Module 'AndroidTargetPlatform' loaded TargetPlatform 'Android_ATC'
[2019.11.19-02.44.36:026][  0]LogTemp: Display: Module 'AndroidTargetPlatform' loaded TargetPlatform 'Android_DXT'
[2019.11.19-02.44.36:026][  0]LogTemp: Display: Module 'AndroidTargetPlatform' loaded TargetPlatform 'Android_ETC1'
[2019.11.19-02.44.36:026][  0]LogTemp: Display: Module 'AndroidTargetPlatform' loaded TargetPlatform 'Android_ETC1a'
[2019.11.19-02.44.36:026][  0]LogTemp: Display: Module 'AndroidTargetPlatform' loaded TargetPlatform 'Android_ETC2'
[2019.11.19-02.44.36:026][  0]LogTemp: Display: Module 'AndroidTargetPlatform' loaded TargetPlatform 'Android_PVRTC'
[2019.11.19-02.44.36:026][  0]LogTemp: Display: Module 'AndroidTargetPlatform' loaded TargetPlatform 'AndroidClient'
[2019.11.19-02.44.36:027][  0]LogTemp: Display: Module 'AndroidTargetPlatform' loaded TargetPlatform 'Android_ASTCClient'
[2019.11.19-02.44.36:027][  0]LogTemp: Display: Module 'AndroidTargetPlatform' loaded TargetPlatform 'Android_ATCClient'
[2019.11.19-02.44.36:027][  0]LogTemp: Display: Module 'AndroidTargetPlatform' loaded TargetPlatform 'Android_DXTClient'
[2019.11.19-02.44.36:027][  0]LogTemp: Display: Module 'AndroidTargetPlatform' loaded TargetPlatform 'Android_ETC1Client'
[2019.11.19-02.44.36:027][  0]LogTemp: Display: Module 'AndroidTargetPlatform' loaded TargetPlatform 'Android_ETC1aClient'
[2019.11.19-02.44.36:027][  0]LogTemp: Display: Module 'AndroidTargetPlatform' loaded TargetPlatform 'Android_ETC2Client'
[2019.11.19-02.44.36:027][  0]LogTemp: Display: Module 'AndroidTargetPlatform' loaded TargetPlatform 'Android_PVRTCClient'
[2019.11.19-02.44.36:027][  0]LogTemp: Display: Module 'AndroidTargetPlatform' loaded TargetPlatform 'Android_Multi'
[2019.11.19-02.44.36:027][  0]LogTemp: Display: Module 'AndroidTargetPlatform' loaded TargetPlatform 'Android_MultiClient'
[2019.11.19-02.44.36:029][  0]LogTemp: Display: Module 'HTML5TargetPlatform' loaded TargetPlatform 'HTML5'
[2019.11.19-02.44.36:050][  0]LogTemp: Display: Module 'IOSTargetPlatform' loaded TargetPlatform 'IOSClient'
[2019.11.19-02.44.36:050][  0]LogTemp: Display: Module 'IOSTargetPlatform' loaded TargetPlatform 'IOS'
[2019.11.19-02.44.36:063][  0]LogTemp: Display: Module 'TVOSTargetPlatform' loaded TargetPlatform 'TVOSClient'
[2019.11.19-02.44.36:063][  0]LogTemp: Display: Module 'TVOSTargetPlatform' loaded TargetPlatform 'TVOS'
[2019.11.19-02.44.36:070][  0]LogTemp: Display: Module 'LinuxClientTargetPlatform' loaded TargetPlatform 'LinuxClient'
[2019.11.19-02.44.36:076][  0]LogTemp: Display: Module 'LinuxNoEditorTargetPlatform' loaded TargetPlatform 'LinuxNoEditor'
[2019.11.19-02.44.36:084][  0]LogTemp: Display: Module 'LinuxServerTargetPlatform' loaded TargetPlatform 'LinuxServer'
[2019.11.19-02.44.36:091][  0]LogTemp: Display: Module 'LinuxTargetPlatform' loaded TargetPlatform 'Linux'
[2019.11.19-02.44.36:114][  0]LogTemp: Display: Module 'LuminTargetPlatform' loaded TargetPlatform 'Lumin'
[2019.11.19-02.44.36:114][  0]LogTemp: Display: Module 'LuminTargetPlatform' loaded TargetPlatform 'LuminClient'
[2019.11.19-02.44.36:114][  0]LogTargetPlatformManager: Display: Building Assets For Windows
[2019.11.19-02.44.36:123][  0]LogAudioDebug: Display: Lib vorbis DLL was dynamically loaded.
[2019.11.19-02.44.36:166][  0]LogShaderCompilers: Guid format shader working directory is 4 characters bigger than the processId version (C:/Users/Angsa/Documents/GitHub/Catch88/UI/Intermediate/Shaders/WorkingDirectory/9892/).
[2019.11.19-02.44.36:166][  0]LogShaderCompilers: Cleaned the shader compiler working directory 'C:/Users/Angsa/AppData/Local/Temp/UnrealShaderWorkingDir/D2B5235A4F565DA986BBC78BCA31F43D/'.
[2019.11.19-02.44.36:169][  0]LogXGEController: Cannot use XGE Controller as Incredibuild is not installed on this machine.
[2019.11.19-02.44.36:169][  0]LogShaderCompilers: Cannot use XGE Shader Compiler as Incredibuild is not installed on this machine.
[2019.11.19-02.44.36:169][  0]LogShaderCompilers: Display: Using Local Shader Compiler.
[2019.11.19-02.44.36:791][  0]LogDerivedDataCache: Display: Max Cache Size: 512 MB
[2019.11.19-02.44.36:843][  0]LogDerivedDataCache: Loaded boot cache 0.05s 73MB C:/Users/Angsa/AppData/Local/UnrealEngine/4.23/DerivedDataCache/Boot.ddc.
[2019.11.19-02.44.36:843][  0]LogDerivedDataCache: Display: Loaded Boot cache: C:/Users/Angsa/AppData/Local/UnrealEngine/4.23/DerivedDataCache/Boot.ddc
[2019.11.19-02.44.36:843][  0]LogDerivedDataCache: FDerivedDataBackendGraph:  Pak pak cache file C:/Users/Angsa/Documents/GitHub/Catch88/UI/DerivedDataCache/DDC.ddp not found, will not use a pak cache.
[2019.11.19-02.44.36:843][  0]LogDerivedDataCache: Unable to find inner node Pak for hierarchical cache Hierarchy.
[2019.11.19-02.44.36:843][  0]LogDerivedDataCache: FDerivedDataBackendGraph:  CompressedPak pak cache file C:/Users/Angsa/Documents/GitHub/Catch88/UI/DerivedDataCache/Compressed.ddp not found, will not use a pak cache.
[2019.11.19-02.44.36:843][  0]LogDerivedDataCache: Unable to find inner node CompressedPak for hierarchical cache Hierarchy.
[2019.11.19-02.44.36:854][  0]LogDerivedDataCache: Display: Pak cache opened for reading ../../../Engine/DerivedDataCache/Compressed.ddp.
[2019.11.19-02.44.36:854][  0]LogDerivedDataCache: FDerivedDataBackendGraph:  EnterprisePak pak cache file ../../../Enterprise/DerivedDataCache/Compressed.ddp not found, will not use a pak cache.
[2019.11.19-02.44.36:854][  0]LogDerivedDataCache: Unable to find inner node EnterprisePak for hierarchical cache Hierarchy.
[2019.11.19-02.44.36:856][  0]LogDerivedDataCache: Using Local data cache path C:/Users/Angsa/AppData/Local/UnrealEngine/Common/DerivedDataCache: Writable
[2019.11.19-02.44.36:856][  0]LogDerivedDataCache: Shared data cache path not found in *engine.ini, will not use an Shared cache.
[2019.11.19-02.44.36:856][  0]LogDerivedDataCache: Unable to find inner node Shared for hierarchical cache Hierarchy.
[2019.11.19-02.44.36:878][  0]LogMaterial: Verifying Global Shaders for PCD3D_SM5
[2019.11.19-02.44.36:881][  0]LogSlate: Using FreeType 2.6.0
[2019.11.19-02.44.36:881][  0]LogSlate: SlateFontServices - WITH_FREETYPE: 1, WITH_HARFBUZZ: 1
[2019.11.19-02.44.36:949][  0]LogAssetRegistry: FAssetRegistry took 0.0035 seconds to start up
[2019.11.19-02.44.37:209][  0]LogInit: Selected Device Profile: [Windows]
[2019.11.19-02.44.37:401][  0]LogMeshReduction: Using QuadricMeshReduction for automatic static mesh reduction
[2019.11.19-02.44.37:401][  0]LogMeshReduction: Using SimplygonMeshReduction for automatic skeletal mesh reduction
[2019.11.19-02.44.37:401][  0]LogMeshReduction: Using ProxyLODMeshReduction for automatic mesh merging
[2019.11.19-02.44.37:401][  0]LogMeshReduction: No distributed automatic mesh merging module available
[2019.11.19-02.44.37:401][  0]LogMeshMerging: No distributed automatic mesh merging module available
[2019.11.19-02.44.37:418][  0]LogNetVersion: UI 1.0.0, NetCL: 8386587, EngineNetVer: 11, GameNetVer: 0 (Checksum: 3723115682)
[2019.11.19-02.44.37:995][  0]LogPackageLocalizationCache: Processed 12 localized package path(s) for 1 prioritized culture(s) in 0.059365 seconds
[2019.11.19-02.44.38:006][  0]LogUObjectArray: 43444 objects as part of root set at end of initial load.
[2019.11.19-02.44.38:006][  0]LogUObjectAllocator: 7548648 out of 0 bytes used by permanent object pool.
[2019.11.19-02.44.38:006][  0]LogUObjectArray: CloseDisregardForGC: 0/0 objects in disregard for GC pool
[2019.11.19-02.44.38:988][  0]LogTcpMessaging: Initializing TcpMessaging bridge
[2019.11.19-02.44.38:991][  0]LogUdpMessaging: Initializing bridge on interface 0.0.0.0:0 to multicast group 230.0.0.1:6666.
[2019.11.19-02.44.39:050][  0]SourceControl: Source control is disabled
[2019.11.19-02.44.39:050][  0]SourceControl: Source control is disabled
[2019.11.19-02.44.39:052][  0]SourceControl: Source control is disabled
[2019.11.19-02.44.39:053][  0]SourceControl: Source control is disabled
[2019.11.19-02.44.39:135][  0]LogAndroidPermission: UAndroidPermissionCallbackProxy::GetInstance
[2019.11.19-02.44.39:258][  0]LogOcInput: OculusInput pre-init called
[2019.11.19-02.44.39:265][  0]LogWindows: Failed to load 'OVRPlugin.dll' (GetLastError=126)
[2019.11.19-02.44.39:265][  0]LogWindows: File 'OVRPlugin.dll' does not exist
[2019.11.19-02.44.39:336][  0]LogEngine: Initializing Engine...
[2019.11.19-02.44.39:337][  0]LogHMD: Failed to initialize OpenVR with code 110
[2019.11.19-02.44.39:338][  0]LogStats: UGameplayTagsManager::InitializeManager -  0.000 s
[2019.11.19-02.44.39:577][  0]LogInit: Initializing FReadOnlyCVARCache
[2019.11.19-02.44.39:590][  0]LogAIModule: Creating AISystem for world Untitled
[2019.11.19-02.44.39:662][  0]LogInit: XAudio2 using 'Speaker/Headphone (Realtek High Definition Audio)' : 2 channels at 48 kHz using 32 bits per sample (channel mask 0x3)
[2019.11.19-02.44.39:733][  0]LogInit: FAudioDevice initialized.
[2019.11.19-02.44.39:734][  0]LogNetVersion: Set ProjectVersion to 1.0.0.0. Version Checksum will be recalculated on next use.
[2019.11.19-02.44.39:791][  0]LogDerivedDataCache: Saved boot cache 0.06s 73MB C:/Users/Angsa/AppData/Local/UnrealEngine/4.23/DerivedDataCache/Boot.ddc.
[2019.11.19-02.44.39:796][  0]LogInit: Texture streaming: Enabled
[2019.11.19-02.44.39:826][  0]LogEngineSessionManager: EngineSessionManager initialized
[2019.11.19-02.44.39:826][  0]LogEditorSessionSummary: Verbose: Initializing EditorSessionSummaryWriter for editor session tracking
[2019.11.19-02.44.39:828][  0]LogEditorSessionSummary: EditorSessionSummaryWriter initialized
[2019.11.19-02.44.39:907][  0]LogInit: Transaction tracking system initialized
[2019.11.19-02.44.39:956][  0]BlueprintLog: New page: Editor Load
[2019.11.19-02.44.40:027][  0]LocalizationService: Localization service is disabled
[2019.11.19-02.44.40:293][  0]LogFileCache: Scanning file cache for directory 'C:/Users/Angsa/Documents/GitHub/Catch88/UI/Content/' took 0.00s
[2019.11.19-02.44.40:293][  0]LogCook: Display: Max memory allowance for cook 16384mb min free memory 0mb
[2019.11.19-02.44.40:293][  0]LogCook: Display: Mobile HDR setting 1
[2019.11.19-02.44.40:479][  0]SourceControl: Source control is disabled
[2019.11.19-02.44.40:479][  0]Cmd: MAP LOAD FILE="C:/Users/Angsa/Documents/GitHub/Catch88/UI/Content/ThirdPersonBP/Maps/ThirdPersonExampleMap.umap" TEMPLATE=0 SHOWPROGRESS=1 FEATURELEVEL=3
[2019.11.19-02.44.40:479][  0]LightingResults: New page: Lighting Build
[2019.11.19-02.44.40:482][  0]LogWorld: UWorld::CleanupWorld for Untitled, bSessionEnded=true, bCleanupResources=true
[2019.11.19-02.44.40:482][  0]MapCheck: New page: Map Check
[2019.11.19-02.44.40:482][  0]LightingResults: New page: Lighting Build
[2019.11.19-02.44.40:506][  0]LogUObjectHash: Compacting FUObjectHashTables data took   1.58ms
[2019.11.19-02.44.40:747][  0]LogAIModule: Creating AISystem for world ThirdPersonExampleMap
[2019.11.19-02.44.40:762][  0]LogEditorServer: Finished looking for orphan Actors (0.000 secs)
[2019.11.19-02.44.40:789][  0]LogUObjectHash: Compacting FUObjectHashTables data took   2.05ms
[2019.11.19-02.44.40:790][  0]Cmd: MAP CHECKDEP NOCLEARLOG
[2019.11.19-02.44.40:790][  0]MapCheck: Map check complete: 0 Error(s), 0 Warning(s), took 0.145ms to complete.
[2019.11.19-02.44.40:790][  0]LogFileHelpers: Loading map 'ThirdPersonExampleMap' took 0.311
[2019.11.19-02.44.40:909][  0]LogSlate: Updating window title bar state: overlay mode, drag disabled, window buttons hidden, title bar hidden
[2019.11.19-02.44.40:919][  0]LogSlate: Updating window title bar state: overlay mode, drag disabled, window buttons hidden, title bar hidden
[2019.11.19-02.44.40:927][  0]LogSlate: Updating window title bar state: overlay mode, drag disabled, window buttons hidden, title bar hidden
[2019.11.19-02.44.40:936][  0]LogSlate: Updating window title bar state: overlay mode, drag disabled, window buttons hidden, title bar hidden
[2019.11.19-02.44.40:941][  0]LogCollectionManager: Loaded 0 collections in 0.001282 seconds
[2019.11.19-02.44.40:949][  0]LogFileCache: Scanning file cache for directory 'C:/Users/Angsa/Documents/GitHub/Catch88/UI/Saved/Collections/' took 0.00s
[2019.11.19-02.44.40:950][  0]LogFileCache: Scanning file cache for directory 'C:/Users/Angsa/Documents/GitHub/Catch88/UI/Content/Developers/Angsa/Collections/' took 0.00s
[2019.11.19-02.44.40:950][  0]LogFileCache: Scanning file cache for directory 'C:/Users/Angsa/Documents/GitHub/Catch88/UI/Content/Collections/' took 0.00s
[2019.11.19-02.44.40:950][  0]LogCollectionManager: Rebuilt the GUID cache for 0 collections in 0.000003 seconds
[2019.11.19-02.44.40:959][  0]LogContentBrowser: Native class hierarchy populated in 0.0095 seconds. Added 2863 classes and 680 folders.
[2019.11.19-02.44.40:967][  0]LogContentBrowser: Native class hierarchy updated for 'WidgetCarousel' in 0.0002 seconds. Added 0 classes and 0 folders.
[2019.11.19-02.44.41:024][  0]LogContentBrowser: Native class hierarchy updated for 'AddContentDialog' in 0.0002 seconds. Added 0 classes and 0 folders.
[2019.11.19-02.44.41:029][  0]LogContentBrowser: Native class hierarchy updated for 'SceneOutliner' in 0.0002 seconds. Added 1 classes and 2 folders.
[2019.11.19-02.44.41:114][  0]LogSlate: Took 0.000305 seconds to synchronously load lazily loaded font '../../../Engine/Content/Slate/Fonts/Roboto-Regular.ttf' (155K)
[2019.11.19-02.44.41:119][  0]LogSlate: Took 0.000269 seconds to synchronously load lazily loaded font '../../../Engine/Content/Slate/Fonts/Roboto-Bold.ttf' (160K)
[2019.11.19-02.44.41:123][  0]LogSlate: Took 0.000255 seconds to synchronously load lazily loaded font '../../../Engine/Content/Editor/Slate/Fonts/FontAwesome.ttf' (139K)
[2019.11.19-02.44.41:194][  0]LogRenderer: Reallocating scene render targets to support 1252x644 Format 9 NumSamples 1 (Frame:1).
[2019.11.19-02.44.41:361][  0]LogContentBrowser: Native class hierarchy updated for 'HierarchicalLODOutliner' in 0.0002 seconds. Added 0 classes and 0 folders.
[2019.11.19-02.44.41:361][  0]LogLoad: (Engine Initialization) Total time: 8.04 seconds
[2019.11.19-02.44.41:361][  0]LogLoad: (Engine Initialization) Total Blueprint compile time: 0.00 seconds
[2019.11.19-02.44.41:433][  0]LogContentStreaming: Texture pool size now 800 MB
[2019.11.19-02.44.41:466][  0]LogSlate: Took 0.000208 seconds to synchronously load lazily loaded font '../../../Engine/Content/Slate/Fonts/Roboto-Light.ttf' (167K)
[2019.11.19-02.44.41:486][  1]LogAssetRegistry: Asset discovery search completed in 4.5376 seconds
[2019.11.19-02.44.41:490][  1]LogCollectionManager: Rebuilt the object cache for 0 collections in 0.000005 seconds (found 0 objects)
[2019.11.19-02.44.41:490][  1]LogCollectionManager: Fixed up redirectors for 0 collections in 0.000071 seconds (updated 0 objects)
[2019.11.19-02.45.14:435][363]LogSlate: FSceneViewport::OnFocusLost() reason 0
[2019.11.19-02.45.26:787][ 48]LogSlate: Window 'UI' being destroyed
[2019.11.19-02.45.26:795][ 48]LogSlate: Window 'UI' being destroyed
[2019.11.19-02.45.29:467][208]LogSlate: Took 0.000213 seconds to synchronously load lazily loaded font '../../../Engine/Content/Slate/Fonts/Roboto-Light.ttf' (167K)
[2019.11.19-02.45.29:475][208]LogAssetEditorManager: Opening Asset editor for EditorUtilityWidgetBlueprint /Game/ThirdPersonBP/UI.UI
[2019.11.19-02.45.29:728][208]LogContentBrowser: Native class hierarchy updated for 'BlueprintGraph' in 0.0005 seconds. Added 121 classes and 0 folders.
[2019.11.19-02.45.30:869][208]LogSlate: Took 0.000353 seconds to synchronously load lazily loaded font '../../../Engine/Content/Slate/Fonts/Roboto-BoldCondensed.ttf' (158K)
[2019.11.19-02.45.41:381][834]LogEditorSessionSummary: EditorSessionSummary sent report. Type=Shutdown, SessionId={5AAFBAF5-444F-FF2A-9173-409C30B550EB}
[2019.11.19-02.45.53:955][586]LogSlate: Took 0.001624 seconds to synchronously load lazily loaded font '../../../Engine/Content/Slate/Fonts/DroidSansFallback.ttf' (3848K)
[2019.11.19-02.46.58:213][327]LogEditorTransaction: Undo Remove Widget
[2019.11.19-02.49.41:407][587]LogEditorSessionSummary: EditorSessionSummary sent report. Type=Shutdown, SessionId={56BB14BC-47CC-1FD3-CF51-2D8E3F943602}
[2019.11.19-02.53.23:925][ 94]BlueprintLog: New page: Compile UI
[2019.11.19-02.53.24:292][ 94]LogUObjectHash: Compacting FUObjectHashTables data took   6.53ms
[2019.11.19-02.53.24:690][113]Cmd: OBJ SAVEPACKAGE PACKAGE="/Game/ThirdPersonBP/UI" FILE="C:/Users/Angsa/Documents/GitHub/Catch88/UI/Content/ThirdPersonBP/UI.uasset" SILENT=true
[2019.11.19-02.53.24:899][113]LogSavePackage: Moving 'C:/Users/Angsa/Documents/GitHub/Catch88/UI/Saved/UI3E90791347483075F170C2A3051F3F36.tmp' to 'C:/Users/Angsa/Documents/GitHub/Catch88/UI/Content/ThirdPersonBP/UI.uasset'
[2019.11.19-02.53.25:279][135]LogSlate: Window 'UI' being destroyed
[2019.11.19-02.53.25:285][135]LogSlate: Window 'UI' being destroyed
[2019.11.19-02.53.25:291][135]LogWorld: UWorld::CleanupWorld for World_1, bSessionEnded=true, bCleanupResources=true
[2019.11.19-02.53.25:305][135]LogWorld: UWorld::CleanupWorld for World_0, bSessionEnded=true, bCleanupResources=true
[2019.11.19-02.53.32:809][573]LogSlate: Window 'UI' being destroyed
[2019.11.19-02.53.32:816][573]LogSlate: Window 'UI' being destroyed
[2019.11.19-02.53.34:925][699]LogAssetEditorManager: Opening Asset editor for EditorUtilityWidgetBlueprint /Game/ThirdPersonBP/UI.UI
[2019.11.19-02.53.53:301][733]BlueprintLog: New page: Compile UI
[2019.11.19-02.53.53:677][733]LogUObjectHash: Compacting FUObjectHashTables data took   5.55ms
[2019.11.19-02.53.54:050][751]Cmd: OBJ SAVEPACKAGE PACKAGE="/Game/ThirdPersonBP/UI" FILE="C:/Users/Angsa/Documents/GitHub/Catch88/UI/Content/ThirdPersonBP/UI.uasset" SILENT=true
[2019.11.19-02.53.54:295][751]LogSavePackage: Moving 'C:/Users/Angsa/Documents/GitHub/Catch88/UI/Saved/UI7EC752794B00484D62E8B19154C04244.tmp' to 'C:/Users/Angsa/Documents/GitHub/Catch88/UI/Content/ThirdPersonBP/UI.uasset'
[2019.11.19-02.53.54:479][761]LogSlate: Window 'UI' being destroyed
[2019.11.19-02.53.54:485][761]LogSlate: Window 'UI' being destroyed
[2019.11.19-02.53.54:489][761]LogWorld: UWorld::CleanupWorld for World_3, bSessionEnded=true, bCleanupResources=true
[2019.11.19-02.53.54:495][761]LogWorld: UWorld::CleanupWorld for World_2, bSessionEnded=true, bCleanupResources=true
[2019.11.19-02.53.55:629][826]LogAssetEditorManager: Opening Asset editor for EditorUtilityWidgetBlueprint /Game/ThirdPersonBP/UI.UI
[2019.11.19-02.53.56:476][854]LogSlate: Window 'UI' being destroyed
[2019.11.19-02.53.56:482][854]LogSlate: Window 'UI' being destroyed
[2019.11.19-02.53.56:486][854]LogWorld: UWorld::CleanupWorld for World_5, bSessionEnded=true, bCleanupResources=true
[2019.11.19-02.53.56:493][854]LogWorld: UWorld::CleanupWorld for World_4, bSessionEnded=true, bCleanupResources=true
[2019.11.19-02.54.03:970][297]LogSlate: Window 'UI' being destroyed
[2019.11.19-02.54.03:976][297]LogSlate: Window 'UI' being destroyed
[2019.11.19-02.54.06:990][476]LogAssetEditorManager: Opening Asset editor for EditorUtilityWidgetBlueprint /Game/ThirdPersonBP/UI.UI
[2019.11.19-02.54.41:459][774]LogEditorSessionSummary: EditorSessionSummary sent report. Type=Shutdown, SessionId={7CE8A866-49EE-F08C-C632-94B39D6E1740}
[2019.11.19-02.59.28:121][197]BlueprintLog: New page: Compile UI
[2019.11.19-02.59.29:041][197]LogUObjectHash: Compacting FUObjectHashTables data took   6.66ms
[2019.11.19-02.59.29:638][218]Cmd: OBJ SAVEPACKAGE PACKAGE="/Game/ThirdPersonBP/UI" FILE="C:/Users/Angsa/Documents/GitHub/Catch88/UI/Content/ThirdPersonBP/UI.uasset" SILENT=true
[2019.11.19-02.59.29:908][218]LogSavePackage: Moving 'C:/Users/Angsa/Documents/GitHub/Catch88/UI/Saved/UIFDFD15D049B4F8F2B994E58112818F72.tmp' to 'C:/Users/Angsa/Documents/GitHub/Catch88/UI/Content/ThirdPersonBP/UI.uasset'
[2019.11.19-02.59.30:342][237]LogSlate: Window 'UI' being destroyed
[2019.11.19-02.59.30:347][237]LogSlate: Window 'UI' being destroyed
[2019.11.19-02.59.30:373][237]LogWorld: UWorld::CleanupWorld for World_7, bSessionEnded=true, bCleanupResources=true
[2019.11.19-02.59.30:423][237]LogWorld: UWorld::CleanupWorld for World_6, bSessionEnded=true, bCleanupResources=true
[2019.11.19-02.59.37:015][610]LogSlate: Window 'UI' being destroyed
[2019.11.19-02.59.37:020][610]LogSlate: Window 'UI' being destroyed
[2019.11.19-02.59.38:268][684]LogAssetEditorManager: Opening Asset editor for EditorUtilityWidgetBlueprint /Game/ThirdPersonBP/UI.UI
[2019.11.19-03.02.51:776][145]BlueprintLog: New page: Compile UI
[2019.11.19-03.02.52:485][145]LogUObjectHash: Compacting FUObjectHashTables data took   8.54ms
[2019.11.19-03.02.53:311][188]Cmd: OBJ SAVEPACKAGE PACKAGE="/Game/ThirdPersonBP/UI" FILE="C:/Users/Angsa/Documents/GitHub/Catch88/UI/Content/ThirdPersonBP/UI.uasset" SILENT=true
[2019.11.19-03.02.53:572][188]LogSavePackage: Moving 'C:/Users/Angsa/Documents/GitHub/Catch88/UI/Saved/UIE19137AB48A4A2A529208F865BE9B72E.tmp' to 'C:/Users/Angsa/Documents/GitHub/Catch88/UI/Content/ThirdPersonBP/UI.uasset'
[2019.11.19-03.02.54:217][223]LogSlate: Window 'UI' being destroyed
[2019.11.19-03.02.54:225][223]LogSlate: Window 'UI' being destroyed
[2019.11.19-03.02.54:231][223]LogWorld: UWorld::CleanupWorld for World_9, bSessionEnded=true, bCleanupResources=true
[2019.11.19-03.02.54:261][223]LogWorld: UWorld::CleanupWorld for World_8, bSessionEnded=true, bCleanupResources=true
[2019.11.19-03.03.10:006][142]LogSlate: Window 'UI' being destroyed
[2019.11.19-03.03.10:011][142]LogSlate: Window 'UI' being destroyed
[2019.11.19-03.03.11:881][229]LogUObjectHash: Compacting FUObjectHashTables data took   5.31ms
[2019.11.19-03.03.12:434][229]LogSavePackage: Moving 'C:/Users/Angsa/Documents/GitHub/Catch88/UI/Saved/ThirdPersonExampleMap5609AD04474520DB5999C399F23808E1.tmp' to 'C:/Users/Angsa/Documents/GitHub/Catch88/UI/Content/ThirdPersonBP/Maps/ThirdPersonExampleMap.umap'
[2019.11.19-03.03.12:872][229]LogSavePackage: Moving 'C:/Users/Angsa/Documents/GitHub/Catch88/UI/Saved/ThirdPersonExampleMap_BuiltData970B85AC4264BA82C6A559897E56CA66.tmp' to 'C:/Users/Angsa/Documents/GitHub/Catch88/UI/Content/ThirdPersonBP/Maps/ThirdPersonExampleMap_BuiltData.uasset'
[2019.11.19-03.03.13:731][268]LogUObjectHash: Compacting FUObjectHashTables data took   5.75ms
[2019.11.19-03.03.13:948][268]LogSlate: Window 'UI - Unreal Editor' being destroyed
[2019.11.19-03.03.14:355][269]Cmd: QUIT_EDITOR
[2019.11.19-03.03.14:563][269]LogWindowsTextInputMethodSystem: Display: IME system now deactivated.
[2019.11.19-03.03.14:592][269]LogExit: Preparing to exit.
[2019.11.19-03.03.15:262][269]LogDemo: Cleaned up 0 splitscreen connections with owner deletion
[2019.11.19-03.03.15:390][269]LogWorld: UWorld::CleanupWorld for None, bSessionEnded=true, bCleanupResources=true
[2019.11.19-03.03.15:390][269]LogExit: Editor shut down
[2019.11.19-03.03.15:391][269]LogExit: Transaction tracking system shut down
[2019.11.19-03.03.16:691][269]LogExit: Object subsystem successfully closed.
[2019.11.19-03.03.16:843][269]LogShaderCompilers: Display: Shaders left to compile 0
[2019.11.19-03.03.17:804][269]LogModuleManager: Shutting down and abandoning module SequencerWidgets (672)
[2019.11.19-03.03.17:804][269]LogModuleManager: Shutting down and abandoning module BlueprintGraph (670)
[2019.11.19-03.03.17:804][269]LogModuleManager: Shutting down and abandoning module HierarchicalLODOutliner (668)
[2019.11.19-03.03.17:804][269]LogModuleManager: Shutting down and abandoning module SceneOutliner (666)
[2019.11.19-03.03.17:804][269]LogModuleManager: Shutting down and abandoning module AddContentDialog (664)
[2019.11.19-03.03.17:815][269]LogModuleManager: Shutting down and abandoning module WidgetCarousel (663)
[2019.11.19-03.03.17:815][269]LogModuleManager: Shutting down and abandoning module EditorWidgets (660)
[2019.11.19-03.03.17:815][269]LogModuleManager: Shutting down and abandoning module CollectionManager (658)
[2019.11.19-03.03.17:815][269]LogModuleManager: Shutting down and abandoning module StatsViewer (656)
[2019.11.19-03.03.17:826][269]LogModuleManager: Shutting down and abandoning module VirtualTexturingEditor (654)
[2019.11.19-03.03.17:826][269]LogModuleManager: Shutting down and abandoning module FoliageEdit (652)
[2019.11.19-03.03.17:837][269]LogModuleManager: Shutting down and abandoning module LandscapeEditor (650)
[2019.11.19-03.03.17:872][269]LogModuleManager: Shutting down and abandoning module MeshPaintMode (648)
[2019.11.19-03.03.17:872][269]LogModuleManager: Shutting down and abandoning module SceneDepthPickerMode (646)
[2019.11.19-03.03.17:872][269]LogModuleManager: Shutting down and abandoning module ActorPickerMode (644)
[2019.11.19-03.03.17:873][269]LogModuleManager: Shutting down and abandoning module GeometryMode (642)
[2019.11.19-03.03.17:873][269]LogModuleManager: Shutting down and abandoning module TextureAlignMode (640)
[2019.11.19-03.03.17:873][269]LogModuleManager: Shutting down and abandoning module BspMode (638)
[2019.11.19-03.03.17:873][269]LogModuleManager: Shutting down and abandoning module PIEPreviewDeviceProfileSelector (636)
[2019.11.19-03.03.17:879][269]LogModuleManager: Shutting down and abandoning module SequenceRecorderSections (634)
[2019.11.19-03.03.17:879][269]LogModuleManager: Shutting down and abandoning module AutomationWorker (632)
[2019.11.19-03.03.17:879][269]LogModuleManager: Shutting down and abandoning module OculusMR (630)
[2019.11.19-03.03.17:879][269]LogModuleManager: Shutting down and abandoning module AudioCaptureEditor (628)
[2019.11.19-03.03.17:892][269]LogModuleManager: Shutting down and abandoning module MatineeToLevelSequence (626)
[2019.11.19-03.03.17:892][269]LogModuleManager: Shutting down and abandoning module LevelSequenceEditor (624)
[2019.11.19-03.03.17:904][269]LogModuleManager: Shutting down and abandoning module PlacementMode (623)
[2019.11.19-03.03.17:904][269]LogModuleManager: Shutting down and abandoning module MaterialEditor (622)
[2019.11.19-03.03.17:957][269]LogModuleManager: Shutting down and abandoning module ActorSequenceEditor (618)
[2019.11.19-03.03.17:957][269]LogModuleManager: Shutting down and abandoning module WmfMediaFactory (616)
[2019.11.19-03.03.17:957][269]LogModuleManager: Shutting down and abandoning module WmfMediaEditor (614)
[2019.11.19-03.03.17:957][269]LogModuleManager: Shutting down and abandoning module WebMMediaFactory (612)
[2019.11.19-03.03.17:957][269]LogModuleManager: Shutting down and abandoning module WebMMediaEditor (610)
[2019.11.19-03.03.17:957][269]LogModuleManager: Shutting down and abandoning module WebMMedia (608)
[2019.11.19-03.03.17:970][269]LogModuleManager: Shutting down and abandoning module MediaPlayerEditor (606)
[2019.11.19-03.03.17:977][269]LogModuleManager: Shutting down and abandoning module MediaCompositingEditor (604)
[2019.11.19-03.03.17:977][269]LogModuleManager: Shutting down and abandoning module SequenceRecorder (603)
[2019.11.19-03.03.17:977][269]LogModuleManager: Shutting down and abandoning module OpenExrWrapper (600)
[2019.11.19-03.03.17:977][269]LogModuleManager: Shutting down and abandoning module ImgMediaFactory (598)
[2019.11.19-03.03.17:977][269]LogModuleManager: Shutting down and abandoning module ImgMediaEditor (596)
[2019.11.19-03.03.17:977][269]LogModuleManager: Shutting down and abandoning module AvfMediaFactory (594)
[2019.11.19-03.03.17:977][269]LogModuleManager: Shutting down and abandoning module AvfMediaEditor (592)
[2019.11.19-03.03.17:977][269]LogModuleManager: Shutting down and abandoning module AndroidMediaFactory (590)
[2019.11.19-03.03.17:977][269]LogModuleManager: Shutting down and abandoning module AndroidMediaEditor (588)
[2019.11.19-03.03.17:977][269]LogModuleManager: Shutting down and abandoning module MagicLeapCameraPreviewFactory (586)
[2019.11.19-03.03.17:977][269]LogModuleManager: Shutting down and abandoning module MagicLeapMediaCodecFactory (584)
[2019.11.19-03.03.17:977][269]LogModuleManager: Shutting down and abandoning module MagicLeapMediaFactory (582)
[2019.11.19-03.03.17:977][269]LogModuleManager: Shutting down and abandoning module MagicLeapMediaEditor (580)
[2019.11.19-03.03.17:977][269]LogModuleManager: Shutting down and abandoning module CharacterAI (578)
[2019.11.19-03.03.17:977][269]LogModuleManager: Shutting down and abandoning module SmartSnapping (576)
[2019.11.19-03.03.17:977][269]LogModuleManager: Shutting down and abandoning module SessionServices (574)
[2019.11.19-03.03.17:978][269]LogModuleManager: Shutting down and abandoning module MeshPaint (572)
[2019.11.19-03.03.17:978][269]LogModuleManager: Shutting down and abandoning module ViewportSnapping (570)
[2019.11.19-03.03.17:978][269]LogModuleManager: Shutting down and abandoning module ViewportInteraction (568)
[2019.11.19-03.03.17:978][269]LogModuleManager: Shutting down and abandoning module ClothPainter (566)
[2019.11.19-03.03.17:997][269]LogModuleManager: Shutting down and abandoning module SkeletalMeshEditor (565)
[2019.11.19-03.03.18:007][269]LogModuleManager: Shutting down and abandoning module LogVisualizer (562)
[2019.11.19-03.03.18:024][269]LogModuleManager: Shutting down and abandoning module IntroTutorials (560)
[2019.11.19-03.03.18:024][269]LogModuleManager: Shutting down and abandoning module GameProjectGeneration (559)
[2019.11.19-03.03.18:033][269]LogModuleManager: Shutting down and abandoning module LuminPlatformEditor (556)
[2019.11.19-03.03.18:033][269]LogModuleManager: Shutting down and abandoning module IOSPlatformEditor (554)
[2019.11.19-03.03.18:044][269]LogModuleManager: Shutting down and abandoning module HTML5PlatformEditor (552)
[2019.11.19-03.03.18:044][269]LogModuleManager: Shutting down and abandoning module AndroidPlatformEditor (550)
[2019.11.19-03.03.18:044][269]LogModuleManager: Shutting down and abandoning module AndroidDeviceDetection (549)
[2019.11.19-03.03.18:893][269]LogModuleManager: Shutting down and abandoning module WindowsPlatformEditor (546)
[2019.11.19-03.03.18:893][269]LogModuleManager: Shutting down and abandoning module LuminRuntimeSettings (544)
[2019.11.19-03.03.18:893][269]LogModuleManager: Shutting down and abandoning module IOSRuntimeSettings (542)
[2019.11.19-03.03.18:893][269]LogModuleManager: Shutting down and abandoning module AndroidRuntimeSettings (540)
[2019.11.19-03.03.18:893][269]LogModuleManager: Shutting down and abandoning module TimeManagementEditor (538)
[2019.11.19-03.03.18:893][269]LogModuleManager: Shutting down and abandoning module InputBindingEditor (536)
[2019.11.19-03.03.18:893][269]LogModuleManager: Shutting down and abandoning module MergeActors (534)
[2019.11.19-03.03.18:934][269]LogModuleManager: Shutting down and abandoning module LocalizationDashboard (532)
[2019.11.19-03.03.18:945][269]LogModuleManager: Shutting down and abandoning module LocalizationService (531)
[2019.11.19-03.03.18:945][269]LogModuleManager: Shutting down and abandoning module HardwareTargeting (528)
[2019.11.19-03.03.18:945][269]LogModuleManager: Shutting down and abandoning module DeviceProfileEditor (526)
[2019.11.19-03.03.18:952][269]LogModuleManager: Shutting down and abandoning module UndoHistory (524)
[2019.11.19-03.03.18:957][269]LogModuleManager: Shutting down and abandoning module XmlParser (522)
[2019.11.19-03.03.18:957][269]LogModuleManager: Shutting down and abandoning module Blutility (520)
[2019.11.19-03.03.18:957][269]LogModuleManager: Shutting down and abandoning module ProjectSettingsViewer (518)
[2019.11.19-03.03.18:957][269]LogModuleManager: Shutting down and abandoning module ProjectTargetPlatformEditor (517)
[2019.11.19-03.03.18:957][269]LogModuleManager: Shutting down and abandoning module EditorSettingsViewer (514)
[2019.11.19-03.03.18:958][269]LogModuleManager: Shutting down and abandoning module SettingsEditor (512)
[2019.11.19-03.03.18:981][269]LogModuleManager: Shutting down and abandoning module ProjectLauncher (510)
[2019.11.19-03.03.18:992][269]LogModuleManager: Shutting down and abandoning module SessionFrontend (508)
[2019.11.19-03.03.19:004][269]LogModuleManager: Shutting down and abandoning module ProfilerClient (506)
[2019.11.19-03.03.19:004][269]LogModuleManager: Shutting down and abandoning module DeviceManager (504)
[2019.11.19-03.03.19:019][269]LogModuleManager: Shutting down and abandoning module TargetDeviceServices (503)
[2019.11.19-03.03.19:063][269]LogModuleManager: Shutting down and abandoning module AutomationController (500)
[2019.11.19-03.03.19:064][269]LogModuleManager: Shutting down and abandoning module AutomationWindow (498)
[2019.11.19-03.03.19:073][269]LogModuleManager: Shutting down and abandoning module Layers (496)
[2019.11.19-03.03.19:096][269]LogModuleManager: Shutting down and abandoning module ComponentVisualizers (494)
[2019.11.19-03.03.19:096][269]LogModuleManager: Shutting down and abandoning module DetailCustomizations (492)
[2019.11.19-03.03.19:107][269]LogModuleManager: Shutting down and abandoning module PackagesDialog (490)
[2019.11.19-03.03.19:108][269]LogModuleManager: Shutting down and abandoning module AnimationBlueprintEditor (488)
[2019.11.19-03.03.19:126][269]LogModuleManager: Shutting down and abandoning module Persona (486)
[2019.11.19-03.03.19:146][269]LogModuleManager: Shutting down and abandoning module AdvancedPreviewScene (485)
[2019.11.19-03.03.19:147][269]LogModuleManager: Shutting down and abandoning module AnimGraph (483)
[2019.11.19-03.03.19:147][269]LogModuleManager: Shutting down and abandoning module Kismet (480)
[2019.11.19-03.03.19:166][269]LogModuleManager: Shutting down and abandoning module KismetWidgets (479)
[2019.11.19-03.03.19:176][269]LogModuleManager: Shutting down and abandoning module GraphEditor (476)
[2019.11.19-03.03.19:191][269]LogModuleManager: Shutting down and abandoning module StructViewer (474)
[2019.11.19-03.03.19:191][269]LogModuleManager: Shutting down and abandoning module ClassViewer (472)
[2019.11.19-03.03.19:191][269]LogModuleManager: Shutting down and abandoning module Toolbox (470)
[2019.11.19-03.03.19:191][269]LogModuleManager: Shutting down and abandoning module ModuleUI (468)
[2019.11.19-03.03.19:191][269]LogModuleManager: Shutting down and abandoning module MovieSceneTools (466)
[2019.11.19-03.03.19:210][269]LogModuleManager: Shutting down and abandoning module OutputLog (464)
[2019.11.19-03.03.19:219][269]LogModuleManager: Shutting down and abandoning module GammaUI (462)
[2019.11.19-03.03.19:219][269]LogModuleManager: Shutting down and abandoning module Documentation (460)
[2019.11.19-03.03.19:219][269]LogModuleManager: Shutting down and abandoning module LiveCoding (458)
[2019.11.19-03.03.19:219][269]LogModuleManager: Shutting down and abandoning module LevelSequence (456)
[2019.11.19-03.03.19:219][269]LogModuleManager: Shutting down and abandoning module MovieSceneTracks (454)
[2019.11.19-03.03.19:219][269]LogModuleManager: Shutting down and abandoning module MovieScene (452)
[2019.11.19-03.03.19:219][269]LogModuleManager: Shutting down and abandoning module StreamingPauseRendering (450)
[2019.11.19-03.03.19:219][269]LogModuleManager: Shutting down and abandoning module LauncherPlatform (448)
[2019.11.19-03.03.19:219][269]LogModuleManager: Shutting down and abandoning module AnalyticsET (446)
[2019.11.19-03.03.19:219][269]LogModuleManager: Shutting down and abandoning module PortalServices (444)
[2019.11.19-03.03.19:219][269]LogModuleManager: Shutting down and abandoning module PortalRpc (442)
[2019.11.19-03.03.19:219][269]LogModuleManager: Shutting down and abandoning module MessagingRpc (440)
[2019.11.19-03.03.19:219][269]LogModuleManager: Shutting down and abandoning module AIModule (438)
[2019.11.19-03.03.19:231][269]LogModuleManager: Shutting down and abandoning module GameplayDebugger (437)
[2019.11.19-03.03.19:242][269]LogModuleManager: Shutting down and abandoning module AITestSuite (435)
[2019.11.19-03.03.19:242][269]LogModuleManager: Shutting down and abandoning module NavigationSystem (433)
[2019.11.19-03.03.19:242][269]LogModuleManager: Shutting down and abandoning module DesktopPlatform (430)
[2019.11.19-03.03.19:242][269]LogModuleManager: Shutting down and abandoning module ImageWriteQueue (428)
[2019.11.19-03.03.19:246][269]LogModuleManager: Shutting down and abandoning module ProfilerService (426)
[2019.11.19-03.03.19:393][269]LogModuleManager: Shutting down and abandoning module TaskGraph (424)
[2019.11.19-03.03.19:405][269]LogModuleManager: Shutting down and abandoning module ScreenshotTools (422)
[2019.11.19-03.03.19:405][269]LogModuleManager: Shutting down and abandoning module SteamVRController (420)
[2019.11.19-03.03.19:405][269]LogModuleManager: Shutting down and abandoning module ProceduralMeshComponentEditor (418)
[2019.11.19-03.03.19:405][269]LogModuleManager: Shutting down and abandoning module ProceduralMeshComponent (416)
[2019.11.19-03.03.19:405][269]LogModuleManager: Shutting down and abandoning module OculusEditor (414)
[2019.11.19-03.03.19:405][269]LogModuleManager: Shutting down and abandoning module OculusInput (412)
[2019.11.19-03.03.19:405][269]LogModuleManager: Shutting down and abandoning module MobilePatchingUtils (410)
[2019.11.19-03.03.19:405][269]LogModuleManager: Shutting down and abandoning module EditableMesh (408)
[2019.11.19-03.03.19:415][269]LogModuleManager: Shutting down and abandoning module CustomMeshComponent (406)
[2019.11.19-03.03.19:416][269]LogModuleManager: Shutting down and abandoning module CableComponent (404)
[2019.11.19-03.03.19:416][269]LogModuleManager: Shutting down and abandoning module AudioCapture (402)
[2019.11.19-03.03.19:416][269]LogModuleManager: Shutting down and abandoning module ArchVisCharacter (400)
[2019.11.19-03.03.19:416][269]LogModuleManager: Shutting down and abandoning module AppleImageUtilsBlueprintSupport (398)
[2019.11.19-03.03.19:416][269]LogModuleManager: Shutting down and abandoning module AppleImageUtils (396)
[2019.11.19-03.03.19:416][269]LogModuleManager: Shutting down and abandoning module AndroidPermission (394)
[2019.11.19-03.03.19:416][269]LogModuleManager: Shutting down and abandoning module NUTUnrealEngine4 (392)
[2019.11.19-03.03.19:430][269]LogModuleManager: Shutting down and abandoning module NetcodeUnitTest (390)
[2019.11.19-03.03.19:439][269]LogModuleManager: Shutting down and abandoning module MediaCompositing (388)
[2019.11.19-03.03.19:439][269]LogModuleManager: Shutting down and abandoning module ImgMedia (386)
[2019.11.19-03.03.19:439][269]LogModuleManager: Shutting down and abandoning module MagicLeapHelperVulkan (384)
[2019.11.19-03.03.19:439][269]LogModuleManager: Shutting down and abandoning module MagicLeapHelperOpenGL (382)
[2019.11.19-03.03.19:439][269]LogModuleManager: Shutting down and abandoning module MagicLeapAudio (380)
[2019.11.19-03.03.19:439][269]LogModuleManager: Shutting down and abandoning module HTML5Networking (378)
[2019.11.19-03.03.19:439][269]LogModuleManager: Shutting down and abandoning module GeometryCacheTracks (376)
[2019.11.19-03.03.19:439][269]LogModuleManager: Shutting down and abandoning module GeometryCacheSequencer (374)
[2019.11.19-03.03.19:439][269]LogModuleManager: Shutting down and abandoning module BackChannel (372)
[2019.11.19-03.03.19:439][269]LogModuleManager: Shutting down and abandoning module AutomationUtilsEditor (370)
[2019.11.19-03.03.19:439][269]LogModuleManager: Shutting down and abandoning module AutomationUtils (368)
[2019.11.19-03.03.19:439][269]LogModuleManager: Shutting down and abandoning module AlembicImporter (366)
[2019.11.19-03.03.19:439][269]LogModuleManager: Shutting down and abandoning module AlembicLibrary (365)
[2019.11.19-03.03.19:439][269]LogModuleManager: Shutting down and abandoning module GeometryCache (364)
[2019.11.19-03.03.19:439][269]LogModuleManager: Shutting down and abandoning module GeometryCacheEd (363)
[2019.11.19-03.03.19:439][269]LogModuleManager: Shutting down and abandoning module VariantManagerContent (358)
[2019.11.19-03.03.19:439][269]LogModuleManager: Shutting down and abandoning module DatasmithContentEditor (356)
[2019.11.19-03.03.19:439][269]LogModuleManager: Shutting down and abandoning module SpeedTreeImporter (354)
[2019.11.19-03.03.19:439][269]LogModuleManager: Shutting down and abandoning module PluginBrowser (352)
[2019.11.19-03.03.19:459][269]LogModuleManager: Shutting down and abandoning module MobileLauncherProfileWizard (350)
[2019.11.19-03.03.19:469][269]LogModuleManager: Shutting down and abandoning module MaterialAnalyzer (348)
[2019.11.19-03.03.19:484][269]LogModuleManager: Shutting down and abandoning module CurveEditorTools (346)
[2019.11.19-03.03.19:484][269]LogModuleManager: Shutting down and abandoning module CurveEditor (345)
[2019.11.19-03.03.19:484][269]LogModuleManager: Shutting down and abandoning module CryptoKeysOpenSSL (342)
[2019.11.19-03.03.19:484][269]LogModuleManager: Shutting down and abandoning module CryptoKeys (340)
[2019.11.19-03.03.19:484][269]LogModuleManager: Shutting down and abandoning module VisualStudioSourceCodeAccess (338)
[2019.11.19-03.03.19:484][269]LogModuleManager: Shutting down and abandoning module VisualStudioCodeSourceCodeAccess (336)
[2019.11.19-03.03.19:484][269]LogModuleManager: Shutting down and abandoning module UObjectPlugin (334)
[2019.11.19-03.03.19:484][269]LogModuleManager: Shutting down and abandoning module SubversionSourceControl (332)
[2019.11.19-03.03.19:484][269]LogModuleManager: Shutting down and abandoning module PerforceSourceControl (330)
[2019.11.19-03.03.19:494][269]LogModuleManager: Shutting down and abandoning module GitSourceControl (328)
[2019.11.19-03.03.19:494][269]LogModuleManager: Shutting down and abandoning module SourceControl (327)
[2019.11.19-03.03.19:494][269]LogModuleManager: Shutting down and abandoning module CLionSourceCodeAccess (324)
[2019.11.19-03.03.19:494][269]LogModuleManager: Shutting down and abandoning module AnimationSharingEd (322)
[2019.11.19-03.03.19:494][269]LogModuleManager: Shutting down and abandoning module ActorLayerUtilitiesEditor (320)
[2019.11.19-03.03.19:494][269]LogModuleManager: Shutting down and abandoning module ActorLayerUtilities (318)
[2019.11.19-03.03.19:494][269]LogModuleManager: Shutting down and abandoning module LightPropagationVolumeEditor (316)
[2019.11.19-03.03.19:494][269]LogModuleManager: Shutting down and abandoning module PaperTiledImporter (314)
[2019.11.19-03.03.19:494][269]LogModuleManager: Shutting down and abandoning module PaperSpriteSheetImporter (312)
[2019.11.19-03.03.19:494][269]LogModuleManager: Shutting down and abandoning module Paper2DEditor (310)
[2019.11.19-03.03.19:516][269]LogModuleManager: Shutting down and abandoning module SignificanceManager (308)
[2019.11.19-03.03.19:516][269]LogModuleManager: Shutting down and abandoning module RuntimePhysXCooking (306)
[2019.11.19-03.03.19:516][269]LogModuleManager: Shutting down and abandoning module PhysXVehiclesEditor (304)
[2019.11.19-03.03.19:516][269]LogModuleManager: Shutting down and abandoning module LocationServicesBPLibrary (300)
[2019.11.19-03.03.19:516][269]LogModuleManager: Shutting down and abandoning module ActorSequence (298)
[2019.11.19-03.03.19:516][269]LogModuleManager: Shutting down and abandoning module UdpMessaging (296)
[2019.11.19-03.03.19:617][269]LogModuleManager: Shutting down and abandoning module TcpMessaging (294)
[2019.11.19-03.03.19:718][269]LogModuleManager: Shutting down and abandoning module MagicLeapIdentity (292)
[2019.11.19-03.03.19:718][269]LogModuleManager: Shutting down and abandoning module MagicLeapSecureStorage (290)
[2019.11.19-03.03.19:718][269]LogModuleManager: Shutting down and abandoning module MagicLeapHandTracking (288)
[2019.11.19-03.03.19:724][269]LogModuleManager: Shutting down and abandoning module MagicLeapEyeTracker (286)
[2019.11.19-03.03.19:724][269]LogModuleManager: Shutting down and abandoning module MagicLeapController (284)
[2019.11.19-03.03.19:732][269]LogSlate: Slate User Destroyed.  User Index 0, Is Virtual User: 0
[2019.11.19-03.03.19:732][269]LogModuleManager: Shutting down and abandoning module MagicLeapAR (282)
[2019.11.19-03.03.19:732][269]LogModuleManager: Shutting down and abandoning module AugmentedReality (281)
[2019.11.19-03.03.19:732][269]LogModuleManager: Shutting down and abandoning module GameplayTagsEditor (278)
[2019.11.19-03.03.19:742][269]LogModuleManager: Shutting down and abandoning module FacialAnimationEditor (276)
[2019.11.19-03.03.19:742][269]LogModuleManager: Shutting down and abandoning module FacialAnimation (274)
[2019.11.19-03.03.19:742][269]LogModuleManager: Shutting down and abandoning module DataValidation (272)
[2019.11.19-03.03.19:742][269]LogModuleManager: Shutting down and abandoning module AssetManagerEditor (270)
[2019.11.19-03.03.19:759][269]LogModuleManager: Shutting down and abandoning module LevelEditor (269)
[2019.11.19-03.03.19:763][269]LogModuleManager: Shutting down and abandoning module PixelInspectorModule (268)
[2019.11.19-03.03.19:763][269]LogModuleManager: Shutting down and abandoning module CommonMenuExtensions (266)
[2019.11.19-03.03.19:763][269]LogModuleManager: Shutting down and abandoning module MainFrame (264)
[2019.11.19-03.03.19:771][269]LogModuleManager: Shutting down and abandoning module HotReload (263)
[2019.11.19-03.03.19:772][269]LogModuleManager: Shutting down and abandoning module ContentBrowser (259)
[2019.11.19-03.03.19:772][269]LogModuleManager: Shutting down and abandoning module TreeMap (257)
[2019.11.19-03.03.19:772][269]LogModuleManager: Shutting down and abandoning module AnimationSharing (254)
[2019.11.19-03.03.19:772][269]LogModuleManager: Shutting down and abandoning module LightPropagationVolumeRuntime (252)
[2019.11.19-03.03.19:772][269]LogModuleManager: Shutting down and abandoning module Paper2D (250)
[2019.11.19-03.03.19:785][269]LogModuleManager: Shutting down and abandoning module WindowsMoviePlayer (248)
[2019.11.19-03.03.19:787][269]LogModuleManager: Shutting down and abandoning module WebMMoviePlayer (246)
[2019.11.19-03.03.19:787][269]LogModuleManager: Shutting down and abandoning module NetworkReplayStreaming (244)
[2019.11.19-03.03.19:787][269]LogModuleManager: Shutting down and abandoning module PacketHandler (242)
[2019.11.19-03.03.19:788][269]LogModuleManager: Shutting down and abandoning module ClothingSystemEditor (240)
[2019.11.19-03.03.19:788][269]LogModuleManager: Shutting down and abandoning module ClothingSystemRuntime (238)
[2019.11.19-03.03.19:798][269]LogModuleManager: Shutting down and abandoning module MediaAssets (236)
[2019.11.19-03.03.19:798][269]LogModuleManager: Shutting down and abandoning module Overlay (234)
[2019.11.19-03.03.19:798][269]LogModuleManager: Shutting down and abandoning module OverlayEditor (233)
[2019.11.19-03.03.19:798][269]LogModuleManager: Shutting down and abandoning module VREditor (230)
[2019.11.19-03.03.19:810][269]LogModuleManager: Shutting down and abandoning module StringTableEditor (228)
[2019.11.19-03.03.19:810][269]LogModuleManager: Shutting down and abandoning module GameplayTasksEditor (226)
[2019.11.19-03.03.19:810][269]LogModuleManager: Shutting down and abandoning module BehaviorTreeEditor (224)
[2019.11.19-03.03.19:844][269]LogModuleManager: Shutting down and abandoning module FunctionalTesting (222)
[2019.11.19-03.03.19:852][269]LogModuleManager: Shutting down and abandoning module CollisionAnalyzer (220)
[2019.11.19-03.03.19:862][269]LogModuleManager: Shutting down and abandoning module WorkspaceMenuStructure (219)
[2019.11.19-03.03.19:868][269]LogModuleManager: Shutting down and abandoning module UMG (216)
[2019.11.19-03.03.19:868][269]LogModuleManager: Shutting down and abandoning module UMGEditor (215)
[2019.11.19-03.03.19:868][269]LogModuleManager: Shutting down and abandoning module Sequencer (214)
[2019.11.19-03.03.19:878][269]LogModuleManager: Shutting down and abandoning module MessageLog (211)
[2019.11.19-03.03.19:878][269]LogModuleManager: Shutting down and abandoning module SlateReflector (206)
[2019.11.19-03.03.19:896][269]LogModuleManager: Shutting down and abandoning module Slate (204)
[2019.11.19-03.03.19:896][269]LogModuleManager: Shutting down and abandoning module LandscapeEditorUtilities (202)
[2019.11.19-03.03.19:896][269]LogModuleManager: Shutting down and abandoning module EditorStyle (200)
[2019.11.19-03.03.19:898][269]LogModuleManager: Shutting down and abandoning module UnrealEd (198)
[2019.11.19-03.03.19:898][269]LogModuleManager: Shutting down and abandoning module MRMesh (196)
[2019.11.19-03.03.19:898][269]LogModuleManager: Shutting down and abandoning module SourceCodeAccess (194)
[2019.11.19-03.03.19:898][269]LogModuleManager: Shutting down and abandoning module HeadMountedDisplay (192)
[2019.11.19-03.03.19:898][269]LogModuleManager: Shutting down and abandoning module XAudio2 (190)
[2019.11.19-03.03.19:898][269]LogModuleManager: Shutting down and abandoning module Networking (188)
[2019.11.19-03.03.19:898][269]LogModuleManager: Shutting down and abandoning module Core (186)
[2019.11.19-03.03.19:898][269]LogModuleManager: Shutting down and abandoning module KismetCompiler (184)
[2019.11.19-03.03.19:898][269]LogModuleManager: Shutting down and abandoning module MeshUtilities (182)
[2019.11.19-03.03.19:898][269]LogModuleManager: Shutting down and abandoning module MeshMergeUtilities (181)
[2019.11.19-03.03.19:906][269]LogModuleManager: Shutting down and abandoning module MeshReductionInterface (180)
[2019.11.19-03.03.19:906][269]LogModuleManager: Shutting down and abandoning module SkeletalMeshReduction (179)
[2019.11.19-03.03.19:913][269]LogModuleManager: Shutting down and abandoning module ProxyLODMeshReduction (177)
[2019.11.19-03.03.19:935][269]LogModuleManager: Shutting down and abandoning module QuadricMeshReduction (175)
[2019.11.19-03.03.19:935][269]LogModuleManager: Shutting down and abandoning module MaterialBaking (171)
[2019.11.19-03.03.19:948][269]LogModuleManager: Shutting down and abandoning module NullInstallBundleManager (166)
[2019.11.19-03.03.19:948][269]LogModuleManager: Shutting down and abandoning module DerivedDataCache (164)
[2019.11.19-03.03.19:982][269]LogDerivedDataCache: Shutdown
[2019.11.19-03.03.19:982][269]LogModuleManager: Shutting down and abandoning module XGEController (162)
[2019.11.19-03.03.19:982][269]LogModuleManager: Shutting down and abandoning module TargetPlatform (160)
[2019.11.19-03.03.19:982][269]LogModuleManager: Shutting down and abandoning module VulkanShaderFormat (159)
[2019.11.19-03.03.19:982][269]LogModuleManager: Shutting down and abandoning module ShaderFormatVectorVM (157)
[2019.11.19-03.03.19:982][269]LogModuleManager: Shutting down and abandoning module ShaderFormatOpenGL (155)
[2019.11.19-03.03.19:982][269]LogModuleManager: Shutting down and abandoning module ShaderFormatD3D (153)
[2019.11.19-03.03.19:982][269]LogModuleManager: Shutting down and abandoning module MetalShaderFormat (151)
[2019.11.19-03.03.19:989][269]LogModuleManager: Shutting down and abandoning module TextureFormatUncompressed (149)
[2019.11.19-03.03.19:989][269]LogModuleManager: Shutting down and abandoning module TextureFormatPVR (147)
[2019.11.19-03.03.19:989][269]LogModuleManager: Shutting down and abandoning module TextureFormatDXT (145)
[2019.11.19-03.03.19:989][269]LogModuleManager: Shutting down and abandoning module TextureFormatIntelISPCTexComp (143)
[2019.11.19-03.03.19:989][269]LogModuleManager: Shutting down and abandoning module TextureFormatASTC (141)
[2019.11.19-03.03.19:989][269]LogModuleManager: Shutting down and abandoning module ImageWrapper (140)
[2019.11.19-03.03.19:989][269]LogModuleManager: Shutting down and abandoning module TextureFormatAndroid (137)
[2019.11.19-03.03.19:989][269]LogModuleManager: Shutting down and abandoning module AudioFormatOpus (135)
[2019.11.19-03.03.19:989][269]LogModuleManager: Shutting down and abandoning module AudioFormatOgg (133)
[2019.11.19-03.03.19:989][269]LogModuleManager: Shutting down and abandoning module AudioFormatADPCM (131)
[2019.11.19-03.03.19:989][269]LogModuleManager: Shutting down and abandoning module LuminTargetPlatform (129)
[2019.11.19-03.03.19:990][269]LogModuleManager: Shutting down and abandoning module LinuxTargetPlatform (127)
[2019.11.19-03.03.19:990][269]LogModuleManager: Shutting down and abandoning module LinuxServerTargetPlatform (125)
[2019.11.19-03.03.19:990][269]LogModuleManager: Shutting down and abandoning module LinuxNoEditorTargetPlatform (123)
[2019.11.19-03.03.19:990][269]LogModuleManager: Shutting down and abandoning module LinuxClientTargetPlatform (121)
[2019.11.19-03.03.19:990][269]LogModuleManager: Shutting down and abandoning module TVOSTargetPlatform (119)
[2019.11.19-03.03.19:991][269]LogModuleManager: Shutting down and abandoning module Messaging (117)
[2019.11.19-03.03.19:991][269]LogModuleManager: Shutting down and abandoning module IOSTargetPlatform (115)
[2019.11.19-03.03.19:992][269]LogModuleManager: Shutting down and abandoning module HTML5TargetPlatform (113)
[2019.11.19-03.03.19:992][269]LogModuleManager: Shutting down and abandoning module AndroidTargetPlatform (111)
[2019.11.19-03.03.20:001][269]LogModuleManager: Shutting down and abandoning module WindowsTargetPlatform (109)
[2019.11.19-03.03.20:001][269]LogModuleManager: Shutting down and abandoning module WindowsServerTargetPlatform (107)
[2019.11.19-03.03.20:001][269]LogModuleManager: Shutting down and abandoning module WindowsNoEditorTargetPlatform (105)
[2019.11.19-03.03.20:001][269]LogModuleManager: Shutting down and abandoning module WindowsClientTargetPlatform (103)
[2019.11.19-03.03.20:001][269]LogModuleManager: Shutting down and abandoning module MacTargetPlatform (101)
[2019.11.19-03.03.20:001][269]LogModuleManager: Shutting down and abandoning module MacServerTargetPlatform (99)
[2019.11.19-03.03.20:001][269]LogModuleManager: Shutting down and abandoning module MacNoEditorTargetPlatform (97)
[2019.11.19-03.03.20:001][269]LogModuleManager: Shutting down and abandoning module MacClientTargetPlatform (95)
[2019.11.19-03.03.20:001][269]LogModuleManager: Shutting down and abandoning module AllDesktopTargetPlatform (93)
[2019.11.19-03.03.20:001][269]LogModuleManager: Shutting down and abandoning module InputCore (90)
[2019.11.19-03.03.20:001][269]LogModuleManager: Shutting down and abandoning module Settings (88)
[2019.11.19-03.03.20:001][269]LogModuleManager: Shutting down and abandoning module DirectoryWatcher (86)
[2019.11.19-03.03.20:001][269]LogModuleManager: Shutting down and abandoning module PhysXCooking (84)
[2019.11.19-03.03.20:001][269]LogModuleManager: Shutting down and abandoning module WindowsPlatformFeatures (82)
[2019.11.19-03.03.20:001][269]LogModuleManager: Shutting down and abandoning module GameplayMediaEncoder (81)
[2019.11.19-03.03.20:001][269]LogModuleManager: Shutting down and abandoning module SteamVR (78)
[2019.11.19-03.03.20:011][269]LogHMD: Freeing OpenVRDLLHandle.
[2019.11.19-03.03.20:011][269]LogModuleManager: Shutting down and abandoning module OculusHMD (76)
[2019.11.19-03.03.20:017][269]LogModuleManager: Shutting down and abandoning module ExampleDeviceProfileSelector (74)
[2019.11.19-03.03.20:017][269]LogModuleManager: Shutting down and abandoning module LauncherChunkInstaller (72)
[2019.11.19-03.03.20:017][269]LogModuleManager: Shutting down and abandoning module OnlineBlueprintSupport (70)
[2019.11.19-03.03.20:017][269]LogModuleManager: Shutting down and abandoning module OnlineSubsystem (66)
[2019.11.19-03.03.20:030][269]LogModuleManager: Shutting down and abandoning module XMPP (61)
[2019.11.19-03.03.20:043][269]LogModuleManager: Shutting down and abandoning module WebSockets (60)
[2019.11.19-03.03.20:079][269]LogModuleManager: Shutting down and abandoning module HTTP (57)
[2019.11.19-03.03.20:079][269]LogHttp: Display: Http module shutting down, but needs to wait on 1 outstanding Http requests:
[2019.11.19-03.03.20:079][269]LogHttp: Display: 	verb=[POST] url=[https://datarouter.ol.epicgames.com/datarouter/api/v1/public/data?SessionID=%7B6B1DB756-425B-59EB-95C4-46BAA8E2D963%7D&AppID=UEEditor.Rocket.Release&AppVersion=4.23.1-9631420%2B%2B%2BUE4%2BRelease-4.23&UserID=d34760294a2701fd8b78d98800d56b26%7C9878f7731fcc4d5db2e99c09d2eb30b8%7Cd616a75c-a9e9-42fe-8e15-97e034415bf1&AppEnvironment=datacollector-binary&UploadType=eteventstream] status=Processing
[2019.11.19-03.03.20:091][269]LogModuleManager: Shutting down and abandoning module SSL (56)
[2019.11.19-03.03.20:098][269]LogModuleManager: Shutting down and abandoning module WmfMedia (52)
[2019.11.19-03.03.20:100][269]LogModuleManager: Shutting down and abandoning module Media (51)
[2019.11.19-03.03.20:101][269]LogModuleManager: Shutting down and abandoning module MagicLeap (48)
[2019.11.19-03.03.20:108][269]LogModuleManager: Shutting down and abandoning module DatasmithContent (46)
[2019.11.19-03.03.20:109][269]LogModuleManager: Shutting down and abandoning module AISupportModule (44)
[2019.11.19-03.03.20:109][269]LogModuleManager: Shutting down and abandoning module PlatformCryptoOpenSSL (42)
[2019.11.19-03.03.20:118][269]LogModuleManager: Shutting down and abandoning module PlatformCrypto (40)
[2019.11.19-03.03.20:119][269]LogModuleManager: Shutting down and abandoning module AnimationModifiers (38)
[2019.11.19-03.03.20:119][269]LogModuleManager: Shutting down and abandoning module PropertyEditor (37)
[2019.11.19-03.03.20:120][269]LogModuleManager: Shutting down and abandoning module AudioEditor (34)
[2019.11.19-03.03.20:138][269]LogModuleManager: Shutting down and abandoning module TextureCompressor (32)
[2019.11.19-03.03.20:138][269]LogModuleManager: Shutting down and abandoning module RenderCore (30)
[2019.11.19-03.03.20:138][269]LogModuleManager: Shutting down and abandoning module Landscape (28)
[2019.11.19-03.03.20:138][269]LogModuleManager: Shutting down and abandoning module SlateRHIRenderer (26)
[2019.11.19-03.03.20:146][269]LogModuleManager: Shutting down and abandoning module OpenGLDrv (24)
[2019.11.19-03.03.20:164][269]LogModuleManager: Shutting down and abandoning module D3D11RHI (22)
[2019.11.19-03.03.20:164][269]LogModuleManager: Shutting down and abandoning module AnimGraphRuntime (20)
[2019.11.19-03.03.20:173][269]LogModuleManager: Shutting down and abandoning module Renderer (18)
[2019.11.19-03.03.20:173][269]LogModuleManager: Shutting down and abandoning module Engine (16)
[2019.11.19-03.03.20:173][269]LogModuleManager: Shutting down and abandoning module CoreUObject (14)
[2019.11.19-03.03.20:174][269]LogModuleManager: Shutting down and abandoning module NetworkFile (12)
[2019.11.19-03.03.20:174][269]LogModuleManager: Shutting down and abandoning module CookedIterativeFile (10)
[2019.11.19-03.03.20:174][269]LogModuleManager: Shutting down and abandoning module StreamingFile (8)
[2019.11.19-03.03.20:174][269]LogModuleManager: Shutting down and abandoning module SandboxFile (6)
[2019.11.19-03.03.20:174][269]LogModuleManager: Shutting down and abandoning module PakFile (4)
[2019.11.19-03.03.20:184][269]LogModuleManager: Shutting down and abandoning module RSA (3)
[2019.11.19-03.03.20:191][269]LogD3D11RHI: Shutdown
[2019.11.19-03.03.20:199][269]LogD3D11RHI: CleanupD3DDevice
[2019.11.19-03.03.20:242][269]LogRendererCore: FGlobalDynamicReadBuffer::Cleanup()
[2019.11.19-03.03.20:244][269]LogRendererCore: FGlobalDynamicReadBuffer::Cleanup()
[2019.11.19-03.03.20:244][269]LogRendererCore: FGlobalDynamicReadBuffer::Cleanup()
[2019.11.19-03.03.20:380][269]LogD3D11RHI: ~FD3D11DynamicRHI
[2019.11.19-03.03.20:404][269]LogExit: Exiting.
[2019.11.19-03.03.20:416][269]Log file closed, 11/18/19 22:03:20
